#
# A fatal error has been detected by the Java Runtime Environment:
#
#  EXCEPTION_ACCESS_VIOLATION (0xc0000005) at pc=0x00000001800039fb, pid=10100, tid=0x00000000000026b8
#
# JRE version: Java(TM) SE Runtime Environment (8.0_231-b11) (build 1.8.0_231-b11)
# Java VM: Java HotSpot(TM) 64-Bit Server VM (25.231-b11 mixed mode windows-amd64 compressed oops)
# Problematic frame:
# C  [rxtxSerial.dll+0x39fb]
#
# Failed to write core dump. Minidumps are not enabled by default on client versions of Windows
#
# If you would like to submit a bug report, please visit:
#   http://bugreport.java.com/bugreport/crash.jsp
# The crash happened outside the Java Virtual Machine in native code.
# See problematic frame for where to report the bug.
#

---------------  T H R E A D  ---------------

Current thread (0x0000000018e6b000):  JavaThread "Thread-4" [_thread_in_native, id=9912, stack(0x0000000021460000,0x0000000021560000)]

siginfo: ExceptionCode=0xc0000005, writing address 0x000000002105f318

Registers:
RAX=0x00000000ffffffff, RBX=0x0000000000000000, RCX=0x7d2a50eb36a90000, RDX=0x0000000000000000
RSP=0x000000002155eee0, RBP=0x00000000ffffffff, RSI=0x0000000000000001, RDI=0x0000000000000006
R8 =0x000000001f30f340, R9 =0x0000000180000000, R10=0x000000000000001d, R11=0x000000001aa18570
R12=0x000000002105f310, R13=0x0000000000000000, R14=0x0000000000000001, R15=0x0000000000000000
RIP=0x00000001800039fb, EFLAGS=0x0000000000010286

Top of Stack: (sp=0x000000002155eee0)
0x000000002155eee0:   0000000000000000 0000000000000000
0x000000002155eef0:   0000000000000000 0000000000000000
0x000000002155ef00:   0000000018e6b000 00000000ffffffff
0x000000002155ef10:   0000000000000001 0000000000000000
0x000000002155ef20:   0000000018e6b1f8 0000000000000001
0x000000002155ef30:   000000002155f030 000000018000535a
0x000000002155ef40:   000000001955c100 0000000000000001
0x000000002155ef50:   0000000000000001 000000001955c100
0x000000002155ef60:   0000000000000001 00000000ffffffff
0x000000002155ef70:   000000002155f028 00000001800058fe
0x000000002155ef80:   0000000018e6b1f8 000000004004667f
0x000000002155ef90:   000000002155efa0 fffffffffffff8b8
0x000000002155efa0:   0000000000000000 000000aa00000002
0x000000002155efb0:   0000000000000000 0000021dd49eec5d
0x000000002155efc0:   0000000000000511 0000000000001530
0x000000002155efd0:   0000000000000000 0000000000000001 

Instructions: (pc=0x00000001800039fb)
0x00000001800039db:   3d 00 00 85 c0 78 33 74 06 03 d8 2b f0 eb 0a b9
0x00000001800039eb:   e8 03 00 00 e8 1c 27 00 00 41 3b de 7c b7 8b c3
0x00000001800039fb:   45 89 6c 24 08 48 8b 5c 24 60 48 83 c4 20 41 5f
0x0000000180003a0b:   41 5e 41 5d 41 5c 5f 5e 5d c3 e8 62 6d 00 00 83 


Register to memory mapping:

RAX=0x00000000ffffffff is an unallocated location in the heap
RBX=0x0000000000000000 is an unknown value
RCX=0x7d2a50eb36a90000 is an unknown value
RDX=0x0000000000000000 is an unknown value
RSP=0x000000002155eee0 is pointing into the stack for thread: 0x0000000018e6b000
RBP=0x00000000ffffffff is an unallocated location in the heap
RSI=0x0000000000000001 is an unknown value
RDI=0x0000000000000006 is an unknown value
R8 =0x000000001f30f340 is an unknown value
R9 =0x0000000180000000 is an unknown value
R10=0x000000000000001d is an unknown value
R11=0x000000001aa18570 is an unknown value
R12=0x000000002105f310 is an unknown value
R13=0x0000000000000000 is an unknown value
R14=0x0000000000000001 is an unknown value
R15=0x0000000000000000 is an unknown value


Stack: [0x0000000021460000,0x0000000021560000],  sp=0x000000002155eee0,  free space=1019k
Native frames: (J=compiled Java code, j=interpreted, Vv=VM code, C=native code)
C  [rxtxSerial.dll+0x39fb]
C  [rxtxSerial.dll+0x535a]
C  0x0000000003130a9a

Java frames: (J=compiled Java code, j=interpreted, Vv=VM code)
J 1954  gnu.io.RXTXPort.readArray([BII)I (0 bytes) @ 0x0000000003130a14 [0x00000000031309c0+0x54]
J 1952 C1 gnu.io.RXTXPort$SerialInputStream.read([BII)I (305 bytes) @ 0x0000000003695a44 [0x00000000036951c0+0x884]
J 1924 C1 sun.nio.cs.StreamDecoder.readBytes()I (289 bytes) @ 0x000000000367cc64 [0x000000000367c520+0x744]
J 1923 C1 sun.nio.cs.StreamDecoder.implRead([CII)I (243 bytes) @ 0x000000000367a914 [0x0000000003679da0+0xb74]
J 1901 C1 sun.nio.cs.StreamDecoder.read([CII)I (196 bytes) @ 0x00000000036690cc [0x00000000036688a0+0x82c]
J 1900 C1 java.io.InputStreamReader.read([CII)I (11 bytes) @ 0x0000000003668494 [0x0000000003668400+0x94]
J 1951 C1 java.io.Reader.read(Ljava/nio/CharBuffer;)I (35 bytes) @ 0x00000000032008cc [0x0000000003200660+0x26c]
J 1946 C1 java.util.Scanner.readInput()V (136 bytes) @ 0x000000000369144c [0x0000000003690ea0+0x5ac]
J 1943 C1 java.util.Scanner.hasNext()Z (46 bytes) @ 0x000000000368c1e4 [0x000000000368c020+0x1c4]
j  laboratori1digitales3.NewJFrame.recibirDatos()V+120
j  laboratori1digitales3.NewJFrame.run()V+1
j  java.lang.Thread.run()V+11
v  ~StubRoutines::call_stub

---------------  P R O C E S S  ---------------

Java Threads: ( => current thread )
=>0x0000000018e6b000 JavaThread "Thread-4" [_thread_in_native, id=9912, stack(0x0000000021460000,0x0000000021560000)]
  0x0000000019502800 JavaThread "TimerQueue" daemon [_thread_blocked, id=1888, stack(0x0000000020600000,0x0000000020700000)]
  0x000000001956e000 JavaThread "D3D Screen Updater" daemon [_thread_blocked, id=5708, stack(0x000000001fd90000,0x000000001fe90000)]
  0x0000000002c6d800 JavaThread "DestroyJavaVM" [_thread_blocked, id=5448, stack(0x0000000002e30000,0x0000000002f30000)]
  0x00000000193dd800 JavaThread "AWT-EventQueue-0" [_thread_blocked, id=8440, stack(0x000000001a440000,0x000000001a540000)]
  0x0000000019010000 JavaThread "AWT-Windows" daemon [_thread_in_native, id=2856, stack(0x0000000019d90000,0x0000000019e90000)]
  0x0000000019003000 JavaThread "AWT-Shutdown" [_thread_blocked, id=6280, stack(0x0000000019c90000,0x0000000019d90000)]
  0x0000000019002000 JavaThread "Java2D Disposer" daemon [_thread_blocked, id=3916, stack(0x0000000019b90000,0x0000000019c90000)]
  0x0000000018c4f000 JavaThread "Service Thread" daemon [_thread_blocked, id=7848, stack(0x0000000019020000,0x0000000019120000)]
  0x00000000172c9800 JavaThread "C1 CompilerThread2" daemon [_thread_blocked, id=4288, stack(0x0000000018b20000,0x0000000018c20000)]
  0x00000000172bb800 JavaThread "C2 CompilerThread1" daemon [_thread_blocked, id=7532, stack(0x0000000018a20000,0x0000000018b20000)]
  0x00000000172b7000 JavaThread "C2 CompilerThread0" daemon [_thread_blocked, id=9372, stack(0x0000000018920000,0x0000000018a20000)]
  0x00000000172b5800 JavaThread "Attach Listener" daemon [_thread_blocked, id=9716, stack(0x0000000018820000,0x0000000018920000)]
  0x00000000172b4800 JavaThread "Signal Dispatcher" daemon [_thread_blocked, id=4360, stack(0x0000000018720000,0x0000000018820000)]
  0x000000000302a800 JavaThread "Finalizer" daemon [_thread_blocked, id=3924, stack(0x0000000018500000,0x0000000018600000)]
  0x0000000003022000 JavaThread "Reference Handler" daemon [_thread_blocked, id=5856, stack(0x0000000018400000,0x0000000018500000)]

Other Threads:
  0x0000000017277000 VMThread [stack: 0x0000000018300000,0x0000000018400000] [id=9356]
  0x0000000018c60000 WatcherThread [stack: 0x0000000019290000,0x0000000019390000] [id=10636]

VM state:not at safepoint (normal execution)

VM Mutex/Monitor currently owned by a thread: None

heap address: 0x0000000090800000, size: 1784 MB, Compressed Oops mode: 32-bit
Narrow klass base: 0x0000000000000000, Narrow klass shift: 3
Compressed class space size: 1073741824 Address: 0x0000000100000000

Heap:
 PSYoungGen      total 33280K, used 19875K [0x00000000dad80000, 0x00000000dd280000, 0x0000000100000000)
  eden space 28672K, 54% used [0x00000000dad80000,0x00000000dbcad780,0x00000000dc980000)
  from space 4608K, 94% used [0x00000000dc980000,0x00000000dcdbb4b0,0x00000000dce00000)
  to   space 4608K, 0% used [0x00000000dce00000,0x00000000dce00000,0x00000000dd280000)
 ParOldGen       total 76800K, used 24K [0x0000000090800000, 0x0000000095300000, 0x00000000dad80000)
  object space 76800K, 0% used [0x0000000090800000,0x0000000090806000,0x0000000095300000)
 Metaspace       used 14319K, capacity 14584K, committed 14720K, reserved 1062912K
  class space    used 1795K, capacity 1874K, committed 1920K, reserved 1048576K

Card table byte_map: [0x00000000123f0000,0x0000000012770000] byte_map_base: 0x0000000011f6c000

Marking Bits: (ParMarkBitMap*) 0x0000000054d26d90
 Begin Bits: [0x0000000012dd0000, 0x00000000149b0000)
 End Bits:   [0x00000000149b0000, 0x0000000016590000)

Polling page: 0x0000000001450000

CodeCache: size=245760Kb used=6551Kb max_used=6566Kb free=239209Kb
 bounds [0x0000000003030000, 0x00000000036b0000, 0x0000000012030000]
 total_blobs=2456 nmethods=1942 adapters=427
 compilation: enabled

Compilation events (10 events):
Event: 196.493 Thread 0x00000000172bb800 1955       4       java.text.DecimalFormat::applyPattern (1591 bytes)
Event: 196.614 Thread 0x00000000172bb800 nmethod 1955 0x000000000369af50 code [0x000000000369b1e0, 0x000000000369d6b0]
Event: 255.893 Thread 0x00000000172b7000 1956       4       sun.util.locale.provider.LocaleProviderAdapter::getAdapter (171 bytes)
Event: 255.914 Thread 0x00000000172b7000 nmethod 1956 0x0000000003697bd0 code [0x0000000003697d80, 0x0000000003698558]
Event: 264.093 Thread 0x00000000172bb800 1957       4       java.nio.CharBuffer::length (5 bytes)
Event: 264.094 Thread 0x00000000172bb800 nmethod 1957 0x00000000031b9550 code [0x00000000031b9680, 0x00000000031b96d8]
Event: 293.919 Thread 0x00000000172c9800 1958       1       java.nio.charset.CharsetDecoder::implReplaceWith (1 bytes)
Event: 293.919 Thread 0x00000000172c9800 nmethod 1958 0x000000000313b590 code [0x000000000313b6e0, 0x000000000313b7f0]
Event: 309.519 Thread 0x00000000172b7000 1959       4       java.text.DecimalFormat::expandAffix (188 bytes)
Event: 309.548 Thread 0x00000000172b7000 nmethod 1959 0x0000000003693010 code [0x00000000036931e0, 0x0000000003694348]

GC Heap History (2 events):
Event: 145.883 GC heap before
{Heap before GC invocations=1 (full 0):
 PSYoungGen      total 33280K, used 28672K [0x00000000dad80000, 0x00000000dd280000, 0x0000000100000000)
  eden space 28672K, 100% used [0x00000000dad80000,0x00000000dc980000,0x00000000dc980000)
  from space 4608K, 0% used [0x00000000dce00000,0x00000000dce00000,0x00000000dd280000)
  to   space 4608K, 0% used [0x00000000dc980000,0x00000000dc980000,0x00000000dce00000)
 ParOldGen       total 76800K, used 0K [0x0000000090800000, 0x0000000095300000, 0x00000000dad80000)
  object space 76800K, 0% used [0x0000000090800000,0x0000000090800000,0x0000000095300000)
 Metaspace       used 14313K, capacity 14584K, committed 14720K, reserved 1062912K
  class space    used 1795K, capacity 1874K, committed 1920K, reserved 1048576K
Event: 145.892 GC heap after
Heap after GC invocations=1 (full 0):
 PSYoungGen      total 33280K, used 4333K [0x00000000dad80000, 0x00000000dd280000, 0x0000000100000000)
  eden space 28672K, 0% used [0x00000000dad80000,0x00000000dad80000,0x00000000dc980000)
  from space 4608K, 94% used [0x00000000dc980000,0x00000000dcdbb4b0,0x00000000dce00000)
  to   space 4608K, 0% used [0x00000000dce00000,0x00000000dce00000,0x00000000dd280000)
 ParOldGen       total 76800K, used 24K [0x0000000090800000, 0x0000000095300000, 0x00000000dad80000)
  object space 76800K, 0% used [0x0000000090800000,0x0000000090806000,0x0000000095300000)
 Metaspace       used 14313K, capacity 14584K, committed 14720K, reserved 1062912K
  class space    used 1795K, capacity 1874K, committed 1920K, reserved 1048576K
}

Deoptimization events (10 events):
Event: 1.690 Thread 0x00000000193dd800 Uncommon trap: reason=class_check action=maybe_recompile pc=0x00000000031c3ae0 method=java.lang.String.equals(Ljava/lang/Object;)Z @ 8
Event: 1.690 Thread 0x00000000193dd800 Uncommon trap: reason=class_check action=maybe_recompile pc=0x00000000031c3ae0 method=java.lang.String.equals(Ljava/lang/Object;)Z @ 8
Event: 1.690 Thread 0x00000000193dd800 Uncommon trap: reason=class_check action=maybe_recompile pc=0x00000000031c3ae0 method=java.lang.String.equals(Ljava/lang/Object;)Z @ 8
Event: 1.740 Thread 0x00000000193dd800 Uncommon trap: reason=unstable_if action=reinterpret pc=0x0000000003288ce8 method=java.io.WinNTFileSystem.normalize(Ljava/lang/String;)Ljava/lang/String; @ 128
Event: 22.494 Thread 0x00000000193dd800 Uncommon trap: reason=class_check action=maybe_recompile pc=0x00000000031c3ae0 method=java.lang.String.equals(Ljava/lang/Object;)Z @ 8
Event: 27.545 Thread 0x00000000193dd800 Uncommon trap: reason=unstable_if action=reinterpret pc=0x00000000033a87f8 method=sun.java2d.pipe.BufferedContext.validate(Lsun/java2d/pipe/hw/AccelSurface;Lsun/java2d/pipe/hw/AccelSurface;Lsun/java2d/pipe/Region;Ljava/awt/Composite;Ljava/awt/geom/AffineT
Event: 37.356 Thread 0x00000000193dd800 Uncommon trap: reason=unstable_if action=reinterpret pc=0x000000000352bb0c method=java.security.AccessControlContext.optimize()Ljava/security/AccessControlContext; @ 220
Event: 37.365 Thread 0x00000000193dd800 Uncommon trap: reason=unstable_if action=reinterpret pc=0x000000000353b450 method=java.awt.Container.findComponentAtImpl(IIZ)Ljava/awt/Component; @ 24
Event: 37.409 Thread 0x00000000193dd800 Uncommon trap: reason=class_check action=maybe_recompile pc=0x00000000033c224c method=sun.java2d.d3d.D3DRenderer.validateContext(Lsun/java2d/SunGraphics2D;)V @ 23
Event: 40.863 Thread 0x0000000018e6b000 Uncommon trap: reason=unstable_if action=reinterpret pc=0x00000000032d3a34 method=java.lang.ThreadLocal.get()Ljava/lang/Object; @ 11

Classes redefined (0 events):
No events

Internal exceptions (10 events):
Event: 0.261 Thread 0x0000000002c6d800 Exception <a 'java/io/FileNotFoundException'> (0x00000000daebcb28) thrown at [C:\re\workspace\8-2-build-windows-amd64-cygwin\jdk8u231\13620\hotspot\src\share\vm\prims\jni.cpp, line 710]
Event: 0.349 Thread 0x0000000002c6d800 Exception <a 'java/lang/NoSuchFieldError': method resolution failed> (0x00000000daf8d398) thrown at [C:\re\workspace\8-2-build-windows-amd64-cygwin\jdk8u231\13620\hotspot\src\share\vm\prims\methodHandles.cpp, line 1167]
Event: 0.355 Thread 0x0000000002c6d800 Exception <a 'java/lang/NoSuchFieldError': method resolution failed> (0x00000000daf9a6e8) thrown at [C:\re\workspace\8-2-build-windows-amd64-cygwin\jdk8u231\13620\hotspot\src\share\vm\prims\methodHandles.cpp, line 1167]
Event: 0.514 Thread 0x0000000002c6d800 Implicit null exception at 0x00000000031a9b62 to 0x00000000031a9d11
Event: 0.533 Thread 0x0000000002c6d800 Exception <a 'java/io/FileNotFoundException'> (0x00000000db110ef8) thrown at [C:\re\workspace\8-2-build-windows-amd64-cygwin\jdk8u231\13620\hotspot\src\share\vm\prims\jni.cpp, line 710]
Event: 1.131 Thread 0x00000000193dd800 Exception <a 'java/io/FileNotFoundException'> (0x00000000db3b2c08) thrown at [C:\re\workspace\8-2-build-windows-amd64-cygwin\jdk8u231\13620\hotspot\src\share\vm\prims\jni.cpp, line 710]
Event: 1.153 Thread 0x00000000193dd800 Exception <a 'java/io/FileNotFoundException'> (0x00000000db3f4360) thrown at [C:\re\workspace\8-2-build-windows-amd64-cygwin\jdk8u231\13620\hotspot\src\share\vm\prims\jni.cpp, line 710]
Event: 1.167 Thread 0x00000000193dd800 Exception <a 'java/io/FileNotFoundException'> (0x00000000db435348) thrown at [C:\re\workspace\8-2-build-windows-amd64-cygwin\jdk8u231\13620\hotspot\src\share\vm\prims\jni.cpp, line 710]
Event: 1.187 Thread 0x00000000193dd800 Exception <a 'java/io/FileNotFoundException'> (0x00000000db47a940) thrown at [C:\re\workspace\8-2-build-windows-amd64-cygwin\jdk8u231\13620\hotspot\src\share\vm\prims\jni.cpp, line 710]
Event: 40.863 Thread 0x0000000018e6b000 Implicit null exception at 0x00000000032d399a to 0x00000000032d3a21

Events (10 events):
Event: 145.896 Thread 0x00000000172c9800 flushing nmethod 0x00000000031a99d0
Event: 145.896 Thread 0x00000000172c9800 flushing nmethod 0x00000000031ac6d0
Event: 145.896 Thread 0x00000000172c9800 flushing nmethod 0x00000000031b9450
Event: 153.864 Thread 0x00000000172b7000 flushing nmethod 0x00000000031e68d0
Event: 153.864 Thread 0x00000000172b7000 flushing nmethod 0x00000000031e6c90
Event: 153.864 Thread 0x00000000172b7000 flushing nmethod 0x00000000032004d0
Event: 153.864 Thread 0x00000000172b7000 flushing nmethod 0x0000000003201010
Event: 318.159 Thread 0x0000000019a70000 Thread exited: 0x0000000019a70000
Event: 318.159 Executing VM operation: RevokeBias
Event: 318.160 Executing VM operation: RevokeBias done


Dynamic libraries:
0x00007ff7f9b00000 - 0x00007ff7f9b37000 	C:\Program Files\Java\jdk1.8.0_231\bin\java.exe
0x00007fff4f900000 - 0x00007fff4faf0000 	C:\WINDOWS\SYSTEM32\ntdll.dll
0x00007fff4ea80000 - 0x00007fff4eb32000 	C:\WINDOWS\System32\KERNEL32.DLL
0x00007fff4d570000 - 0x00007fff4d813000 	C:\WINDOWS\System32\KERNELBASE.dll
0x00007fff4e670000 - 0x00007fff4e713000 	C:\WINDOWS\System32\ADVAPI32.dll
0x00007fff4ede0000 - 0x00007fff4ee7e000 	C:\WINDOWS\System32\msvcrt.dll
0x00007fff4e2a0000 - 0x00007fff4e337000 	C:\WINDOWS\System32\sechost.dll
0x00007fff4e960000 - 0x00007fff4ea80000 	C:\WINDOWS\System32\RPCRT4.dll
0x00007fff4e340000 - 0x00007fff4e4d4000 	C:\WINDOWS\System32\USER32.dll
0x00007fff4d8b0000 - 0x00007fff4d8d1000 	C:\WINDOWS\System32\win32u.dll
0x00007fff4ebc0000 - 0x00007fff4ebe6000 	C:\WINDOWS\System32\GDI32.dll
0x00007fff4c890000 - 0x00007fff4ca24000 	C:\WINDOWS\System32\gdi32full.dll
0x00007fff4cb00000 - 0x00007fff4cb9e000 	C:\WINDOWS\System32\msvcp_win.dll
0x00007fff4d470000 - 0x00007fff4d56a000 	C:\WINDOWS\System32\ucrtbase.dll
0x00007fff3e400000 - 0x00007fff3e685000 	C:\WINDOWS\WinSxS\amd64_microsoft.windows.common-controls_6595b64144ccf1df_6.0.18362.657_none_e6c5b579130e3898\COMCTL32.dll
0x00007fff4ee90000 - 0x00007fff4f1c6000 	C:\WINDOWS\System32\combase.dll
0x00007fff4ca80000 - 0x00007fff4cb00000 	C:\WINDOWS\System32\bcryptPrimitives.dll
0x00007fff4ec70000 - 0x00007fff4ec9e000 	C:\WINDOWS\System32\IMM32.DLL
0x0000000054420000 - 0x00000000544f2000 	C:\Program Files\Java\jdk1.8.0_231\jre\bin\msvcr100.dll
0x0000000054500000 - 0x0000000054da6000 	C:\Program Files\Java\jdk1.8.0_231\jre\bin\server\jvm.dll
0x00007fff4d9b0000 - 0x00007fff4d9b8000 	C:\WINDOWS\System32\PSAPI.DLL
0x00007fff341d0000 - 0x00007fff341d9000 	C:\WINDOWS\SYSTEM32\WSOCK32.dll
0x00007fff49470000 - 0x00007fff49494000 	C:\WINDOWS\SYSTEM32\WINMM.dll
0x00007fff4e8f0000 - 0x00007fff4e95f000 	C:\WINDOWS\System32\WS2_32.dll
0x00007fff44370000 - 0x00007fff4437a000 	C:\WINDOWS\SYSTEM32\VERSION.dll
0x00007fff49440000 - 0x00007fff4946d000 	C:\WINDOWS\SYSTEM32\WINMMBASE.dll
0x00007fff4ca30000 - 0x00007fff4ca7a000 	C:\WINDOWS\System32\cfgmgr32.dll
0x00007fff341c0000 - 0x00007fff341cf000 	C:\Program Files\Java\jdk1.8.0_231\jre\bin\verify.dll
0x00007fff31440000 - 0x00007fff31469000 	C:\Program Files\Java\jdk1.8.0_231\jre\bin\java.dll
0x00007fff30fd0000 - 0x00007fff30fe6000 	C:\Program Files\Java\jdk1.8.0_231\jre\bin\zip.dll
0x00007fff4f1d0000 - 0x00007fff4f8b5000 	C:\WINDOWS\System32\SHELL32.dll
0x00007fff4e1f0000 - 0x00007fff4e299000 	C:\WINDOWS\System32\shcore.dll
0x00007fff4cba0000 - 0x00007fff4d31f000 	C:\WINDOWS\System32\windows.storage.dll
0x00007fff4c830000 - 0x00007fff4c84f000 	C:\WINDOWS\System32\profapi.dll
0x00007fff4c7e0000 - 0x00007fff4c82a000 	C:\WINDOWS\System32\powrprof.dll
0x00007fff4c7d0000 - 0x00007fff4c7e0000 	C:\WINDOWS\System32\UMPDC.dll
0x00007fff4e190000 - 0x00007fff4e1e2000 	C:\WINDOWS\System32\shlwapi.dll
0x00007fff4c870000 - 0x00007fff4c881000 	C:\WINDOWS\System32\kernel.appcore.dll
0x00007fff4d990000 - 0x00007fff4d9a7000 	C:\WINDOWS\System32\cryptsp.dll
0x00007fff2b890000 - 0x00007fff2ba2a000 	C:\Program Files\Java\jdk1.8.0_231\jre\bin\awt.dll
0x00007fff4db70000 - 0x00007fff4dc34000 	C:\WINDOWS\System32\OLEAUT32.dll
0x00007fff4a950000 - 0x00007fff4a9df000 	C:\WINDOWS\SYSTEM32\apphelp.dll
0x00007fff4ab30000 - 0x00007fff4abc9000 	C:\WINDOWS\system32\uxtheme.dll
0x00007fff4eca0000 - 0x00007fff4edd5000 	C:\WINDOWS\System32\MSCTF.dll
0x00007fff4e720000 - 0x00007fff4e876000 	C:\WINDOWS\System32\ole32.dll
0x00007fff4b120000 - 0x00007fff4b14d000 	C:\WINDOWS\system32\DWMAPI.DLL
0x00007fff1b0e0000 - 0x00007fff1b236000 	C:\WINDOWS\system32\opengl32.dll
0x00007fff2ef30000 - 0x00007fff2ef5c000 	C:\WINDOWS\SYSTEM32\GLU32.dll
0x00007fff4b420000 - 0x00007fff4b440000 	C:\WINDOWS\SYSTEM32\dxcore.dll
0x00007fff1c670000 - 0x00007fff1c837000 	C:\WINDOWS\system32\d3d9.dll
0x00007fff44380000 - 0x00007fff444e4000 	C:\WINDOWS\SYSTEM32\aticfx64.dll
0x00007fff3f4c0000 - 0x00007fff3f4e1000 	C:\WINDOWS\SYSTEM32\atiu9p64.dll
0x00007fff11480000 - 0x00007fff11cd9000 	C:\WINDOWS\SYSTEM32\atiumd64.dll
0x0000000051d60000 - 0x00000000525e8000 	C:\WINDOWS\SYSTEM32\atiumd6a.dll
0x00007fff2bbf0000 - 0x00007fff2bc39000 	C:\Program Files\Java\jdk1.8.0_231\jre\bin\fontmanager.dll
0x00007fff30fb0000 - 0x00007fff30fca000 	C:\Program Files\Java\jdk1.8.0_231\jre\bin\net.dll
0x00007fff4bfe0000 - 0x00007fff4c047000 	C:\WINDOWS\system32\mswsock.dll
0x00007fff2f060000 - 0x00007fff2f072000 	C:\Program Files\Java\jdk1.8.0_231\jre\bin\nio.dll
0x00007fff4e4e0000 - 0x00007fff4e582000 	C:\WINDOWS\System32\clbcatq.dll
0x00007fff47830000 - 0x00007fff479df000 	C:\WINDOWS\SYSTEM32\WindowsCodecs.dll
0x00007fff2a830000 - 0x00007fff2a86a000 	C:\WINDOWS\system32\dataexchange.dll
0x00007fff4a1f0000 - 0x00007fff4a3cb000 	C:\WINDOWS\system32\dcomp.dll
0x00007fff49b30000 - 0x00007fff49d8b000 	C:\WINDOWS\system32\d3d11.dll
0x00007fff4b4b0000 - 0x00007fff4b59b000 	C:\WINDOWS\system32\dxgi.dll
0x00007fff4ac00000 - 0x00007fff4ae5a000 	C:\WINDOWS\system32\twinapi.appcore.dll
0x00007fff4b030000 - 0x00007fff4b059000 	C:\WINDOWS\system32\RMCLIENT.dll
0x00007fff28650000 - 0x00007fff28692000 	C:\Program Files\Java\jdk1.8.0_231\jre\bin\t2k.dll
0x00007fff421c0000 - 0x00007fff4225e000 	C:\WINDOWS\System32\TextInputFramework.dll
0x00007fff4a740000 - 0x00007fff4a814000 	C:\WINDOWS\System32\CoreMessaging.dll
0x00007fff480c0000 - 0x00007fff483ea000 	C:\WINDOWS\System32\CoreUIComponents.dll
0x00007fff47e60000 - 0x00007fff47fb3000 	C:\WINDOWS\SYSTEM32\wintypes.dll
0x00007fff4b810000 - 0x00007fff4b841000 	C:\WINDOWS\SYSTEM32\ntmarta.dll
0x0000000180000000 - 0x0000000180025000 	C:\Program Files\Java\jdk1.8.0_231\jre\bin\rxtxSerial.dll
0x00007fff3f1f0000 - 0x00007fff3f299000 	C:\WINDOWS\WinSxS\amd64_microsoft.windows.common-controls_6595b64144ccf1df_5.82.18362.657_none_2a27eafe46699ec9\comctl32.dll
0x00007fff40c90000 - 0x00007fff40f36000 	C:\WINDOWS\System32\iertutil.dll
0x00007fff3bed0000 - 0x00007fff3c0c4000 	C:\WINDOWS\SYSTEM32\dbghelp.dll

VM Arguments:
jvm_args: -Dfile.encoding=UTF-8 
java_command: laboratori1digitales3.NewJFrame
java_class_path (initial): C:\Users\eldoc\Documents\NetBeansProjects\Laboratori1Digitales3\lib\jcommon-1.0.23.jar;C:\Users\eldoc\Documents\NetBeansProjects\Laboratori1Digitales3\lib\jfreechart-1.0.19.jar;C:\Users\eldoc\Documents\NetBeansProjects\Laboratori1Digitales3\lib\rxtxcomm-2.2.jar;C:\Users\eldoc\Documents\NetBeansProjects\Laboratori1Digitales3\build\classes
Launcher Type: SUN_STANDARD

Environment Variables:
PATH=C:\Program Files (x86)\Common Files\Oracle\Java\javapath;C:\WINDOWS\system32;C:\WINDOWS;C:\WINDOWS\System32\Wbem;C:\WINDOWS\System32\WindowsPowerShell\v1.0\;C:\WINDOWS\System32\OpenSSH\;C:\PROGRA~2\PICC;C:\Program Files\MATLAB\R2017a\runtime\win64;C:\Program Files\MATLAB\R2017a\bin;C:\Program Files (x86)\National Instruments\Shared\LabVIEW CLI;C:\Users\eldoc\AppData\Local\Microsoft\WindowsApps;
USERNAME=eldoc
OS=Windows_NT
PROCESSOR_IDENTIFIER=AMD64 Family 22 Model 48 Stepping 1, AuthenticAMD



---------------  S Y S T E M  ---------------

OS: Windows 10.0 , 64 bit Build 18362 (10.0.18362.329)

CPU:total 4 (initial active 4) (4 cores per cpu, 1 threads per core) family 22 model 48 stepping 1, cmov, cx8, fxsr, mmx, sse, sse2, sse3, ssse3, sse4.1, sse4.2, popcnt, avx, aes, clmul, mmxext, 3dnowpref, lzcnt, sse4a, tsc, tscinvbit, tscinv, bmi1

Memory: 4k page, physical 7305580k(3643084k free), swap 8485228k(3503516k free)

vm_info: Java HotSpot(TM) 64-Bit Server VM (25.231-b11) for windows-amd64 JRE (1.8.0_231-b11), built on Oct  5 2019 03:11:30 by "java_re" with MS VC++ 10.0 (VS2010)

time: Tue Mar 24 18:26:41 2020
timezone: Hora est. Pacífico, Sudamérica
elapsed time: 318 seconds (0d 0h 5m 18s)

