#
# A fatal error has been detected by the Java Runtime Environment:
#
#  EXCEPTION_ACCESS_VIOLATION (0xc0000005) at pc=0x00000001800039fb, pid=13296, tid=0x0000000000002b34
#
# JRE version: Java(TM) SE Runtime Environment (8.0_231-b11) (build 1.8.0_231-b11)
# Java VM: Java HotSpot(TM) 64-Bit Server VM (25.231-b11 mixed mode windows-amd64 compressed oops)
# Problematic frame:
# C  [rxtxSerial.dll+0x39fb]
#
# Failed to write core dump. Minidumps are not enabled by default on client versions of Windows
#
# If you would like to submit a bug report, please visit:
#   http://bugreport.java.com/bugreport/crash.jsp
# The crash happened outside the Java Virtual Machine in native code.
# See problematic frame for where to report the bug.
#

---------------  T H R E A D  ---------------

Current thread (0x00000000193e5000):  JavaThread "Thread-4" [_thread_in_native, id=11060, stack(0x0000000022100000,0x0000000022200000)]

siginfo: ExceptionCode=0xc0000005, writing address 0x000000002112ede8

Registers:
RAX=0x00000000ffffffff, RBX=0x0000000000000000, RCX=0xd95ccbd3e1890000, RDX=0x0000000000000000
RSP=0x00000000221fe760, RBP=0x00000000ffffffff, RSI=0x0000000000000001, RDI=0x0000000000000005
R8 =0x000000001ea2f6a0, R9 =0x0000000180000000, R10=0x000000000000001d, R11=0x000000001a1c4d00
R12=0x000000002112ede0, R13=0x0000000000000000, R14=0x0000000000000001, R15=0x0000000000000000
RIP=0x00000001800039fb, EFLAGS=0x0000000000010286

Top of Stack: (sp=0x00000000221fe760)
0x00000000221fe760:   0000000000000000 0000000000000000
0x00000000221fe770:   0000000000000000 0000000000000000
0x00000000221fe780:   00000000193e5000 00000000ffffffff
0x00000000221fe790:   0000000000000001 0000000000000000
0x00000000221fe7a0:   00000000193e51f8 0000000000000001
0x00000000221fe7b0:   00000000221fe8b0 000000018000535a
0x00000000221fe7c0:   0000000018659b00 0000000000000001
0x00000000221fe7d0:   0000000000000001 0000000018659b00
0x00000000221fe7e0:   0000000000000001 00000000ffffffff
0x00000000221fe7f0:   00000000221fe8a8 00000001800058fe
0x00000000221fe800:   00000000193e51f8 000000004004667f
0x00000000221fe810:   00000000221fe820 fffffffffffff8b8
0x00000000221fe820:   0000000000000000 000000aa00000002
0x00000000221fe830:   0000000000000000 0000020471a36db9
0x00000000221fe840:   0000000000000532 00000000000015cb
0x00000000221fe850:   0000000000000000 0000000000000001 

Instructions: (pc=0x00000001800039fb)
0x00000001800039db:   3d 00 00 85 c0 78 33 74 06 03 d8 2b f0 eb 0a b9
0x00000001800039eb:   e8 03 00 00 e8 1c 27 00 00 41 3b de 7c b7 8b c3
0x00000001800039fb:   45 89 6c 24 08 48 8b 5c 24 60 48 83 c4 20 41 5f
0x0000000180003a0b:   41 5e 41 5d 41 5c 5f 5e 5d c3 e8 62 6d 00 00 83 


Register to memory mapping:

RAX=0x00000000ffffffff is an unallocated location in the heap
RBX=0x0000000000000000 is an unknown value
RCX=0xd95ccbd3e1890000 is an unknown value
RDX=0x0000000000000000 is an unknown value
RSP=0x00000000221fe760 is pointing into the stack for thread: 0x00000000193e5000
RBP=0x00000000ffffffff is an unallocated location in the heap
RSI=0x0000000000000001 is an unknown value
RDI=0x0000000000000005 is an unknown value
R8 =0x000000001ea2f6a0 is an unknown value
R9 =0x0000000180000000 is an unknown value
R10=0x000000000000001d is an unknown value
R11=0x000000001a1c4d00 is an unknown value
R12=0x000000002112ede0 is an unknown value
R13=0x0000000000000000 is an unknown value
R14=0x0000000000000001 is an unknown value
R15=0x0000000000000000 is an unknown value


Stack: [0x0000000022100000,0x0000000022200000],  sp=0x00000000221fe760,  free space=1017k
Native frames: (J=compiled Java code, j=interpreted, Vv=VM code, C=native code)
C  [rxtxSerial.dll+0x39fb]
C  [rxtxSerial.dll+0x535a]
C  0x0000000002ece65a

Java frames: (J=compiled Java code, j=interpreted, Vv=VM code)
J 2012  gnu.io.RXTXPort.readArray([BII)I (0 bytes) @ 0x0000000002ece5d4 [0x0000000002ece580+0x54]
J 2010 C1 gnu.io.RXTXPort$SerialInputStream.read([BII)I (305 bytes) @ 0x0000000002ed0f84 [0x0000000002ed0700+0x884]
J 1981 C1 sun.nio.cs.StreamDecoder.readBytes()I (289 bytes) @ 0x0000000002eb7324 [0x0000000002eb6be0+0x744]
J 1980 C1 sun.nio.cs.StreamDecoder.implRead([CII)I (243 bytes) @ 0x0000000002eb4fd4 [0x0000000002eb4460+0xb74]
J 1952 C1 sun.nio.cs.StreamDecoder.read([CII)I (196 bytes) @ 0x0000000002ea5b8c [0x0000000002ea5360+0x82c]
J 1951 C1 java.io.InputStreamReader.read([CII)I (11 bytes) @ 0x0000000002ea4f54 [0x0000000002ea4ec0+0x94]
J 2009 C1 java.io.Reader.read(Ljava/nio/CharBuffer;)I (35 bytes) @ 0x0000000002ece08c [0x0000000002ecde20+0x26c]
J 2001 C1 java.util.Scanner.readInput()V (136 bytes) @ 0x0000000002ecafcc [0x0000000002ecaa20+0x5ac]
J 1998 C1 java.util.Scanner.hasNext()Z (46 bytes) @ 0x0000000002ebb6e4 [0x0000000002ebb520+0x1c4]
j  laboratori1digitales3.MainFrame.recibirDatos()V+128
j  laboratori1digitales3.MainFrame.run()V+1
j  java.lang.Thread.run()V+11
v  ~StubRoutines::call_stub

---------------  P R O C E S S  ---------------

Java Threads: ( => current thread )
=>0x00000000193e5000 JavaThread "Thread-4" [_thread_in_native, id=11060, stack(0x0000000022100000,0x0000000022200000)]
  0x00000000187ee000 JavaThread "TimerQueue" daemon [_thread_blocked, id=12280, stack(0x0000000020070000,0x0000000020170000)]
  0x0000000018e12800 JavaThread "D3D Screen Updater" daemon [_thread_blocked, id=8476, stack(0x000000001f5c0000,0x000000001f6c0000)]
  0x0000000000e8d800 JavaThread "DestroyJavaVM" [_thread_blocked, id=11648, stack(0x0000000002650000,0x0000000002750000)]
  0x0000000018c49000 JavaThread "AWT-EventQueue-0" [_thread_blocked, id=12360, stack(0x0000000019ce0000,0x0000000019de0000)]
  0x0000000018867800 JavaThread "AWT-Windows" daemon [_thread_in_native, id=1132, stack(0x00000000195f0000,0x00000000196f0000)]
  0x0000000018865000 JavaThread "AWT-Shutdown" [_thread_blocked, id=9460, stack(0x00000000194f0000,0x00000000195f0000)]
  0x0000000018864000 JavaThread "Java2D Disposer" daemon [_thread_blocked, id=12400, stack(0x00000000193f0000,0x00000000194f0000)]
  0x0000000016b5d800 JavaThread "Service Thread" daemon [_thread_blocked, id=8260, stack(0x0000000018880000,0x0000000018980000)]
  0x0000000016b13800 JavaThread "C1 CompilerThread2" daemon [_thread_blocked, id=11780, stack(0x0000000018380000,0x0000000018480000)]
  0x0000000016b0a800 JavaThread "C2 CompilerThread1" daemon [_thread_blocked, id=11748, stack(0x0000000018280000,0x0000000018380000)]
  0x0000000016b06800 JavaThread "C2 CompilerThread0" daemon [_thread_in_native, id=10252, stack(0x0000000018180000,0x0000000018280000)]
  0x0000000016b05000 JavaThread "Attach Listener" daemon [_thread_blocked, id=11964, stack(0x0000000018080000,0x0000000018180000)]
  0x0000000016b04000 JavaThread "Signal Dispatcher" daemon [_thread_blocked, id=1456, stack(0x0000000017f80000,0x0000000018080000)]
  0x000000000287c000 JavaThread "Finalizer" daemon [_thread_blocked, id=8916, stack(0x0000000017d60000,0x0000000017e60000)]
  0x0000000016aea000 JavaThread "Reference Handler" daemon [_thread_blocked, id=2984, stack(0x0000000017c60000,0x0000000017d60000)]

Other Threads:
  0x0000000016ac8000 VMThread [stack: 0x0000000017b60000,0x0000000017c60000] [id=796]
  0x00000000184ca000 WatcherThread [stack: 0x0000000018af0000,0x0000000018bf0000] [id=1680]

VM state:not at safepoint (normal execution)

VM Mutex/Monitor currently owned by a thread: None

heap address: 0x0000000090800000, size: 1784 MB, Compressed Oops mode: 32-bit
Narrow klass base: 0x0000000000000000, Narrow klass shift: 3
Compressed class space size: 1073741824 Address: 0x0000000100000000

Heap:
 PSYoungGen      total 33280K, used 28267K [0x00000000dad80000, 0x00000000dd280000, 0x0000000100000000)
  eden space 28672K, 82% used [0x00000000dad80000,0x00000000dc49d4c8,0x00000000dc980000)
  from space 4608K, 99% used [0x00000000dc980000,0x00000000dcdfd7f8,0x00000000dce00000)
  to   space 4608K, 0% used [0x00000000dce00000,0x00000000dce00000,0x00000000dd280000)
 ParOldGen       total 76800K, used 1892K [0x0000000090800000, 0x0000000095300000, 0x00000000dad80000)
  object space 76800K, 2% used [0x0000000090800000,0x00000000909d93e0,0x0000000095300000)
 Metaspace       used 16867K, capacity 17144K, committed 17280K, reserved 1064960K
  class space    used 2063K, capacity 2130K, committed 2176K, reserved 1048576K

Card table byte_map: [0x0000000011c40000,0x0000000011fc0000] byte_map_base: 0x00000000117bc000

Marking Bits: (ParMarkBitMap*) 0x0000000054d26d90
 Begin Bits: [0x0000000012620000, 0x0000000014200000)
 End Bits:   [0x0000000014200000, 0x0000000015de0000)

Polling page: 0x0000000000a20000

CodeCache: size=245760Kb used=6578Kb max_used=6578Kb free=239181Kb
 bounds [0x0000000002880000, 0x0000000002f00000, 0x0000000011880000]
 total_blobs=2624 nmethods=2044 adapters=492
 compilation: enabled

Compilation events (10 events):
Event: 300.062 Thread 0x0000000016b0a800 nmethod 2030 0x0000000002ecba50 code [0x0000000002ecbb80, 0x0000000002ecbbf8]
Event: 300.291 Thread 0x0000000016b06800 2031       4       java.text.DecimalFormat::expandAffix (188 bytes)
Event: 300.291 Thread 0x0000000016b0a800 2032       4       java.lang.AbstractStringBuilder::setLength (45 bytes)
Event: 300.298 Thread 0x0000000016b0a800 nmethod 2032 0x0000000002ee1f90 code [0x0000000002ee20e0, 0x0000000002ee2418]
Event: 300.323 Thread 0x0000000016b06800 nmethod 2031 0x0000000002ee8b50 code [0x0000000002ee8d20, 0x0000000002ee9e88]
Event: 313.491 Thread 0x0000000016b13800 2033   !   3       java.lang.ClassLoader::findNative (86 bytes)
Event: 313.492 Thread 0x0000000016b13800 nmethod 2033 0x0000000002eda110 code [0x0000000002eda2c0, 0x0000000002edab78]
Event: 313.523 Thread 0x0000000016b13800 2034       3       java.util.AbstractSequentialList::<init> (5 bytes)
Event: 313.523 Thread 0x0000000016b13800 nmethod 2034 0x0000000002ed9c10 code [0x0000000002ed9d80, 0x0000000002ed9ff0]
Event: 313.523 Thread 0x0000000016b13800 2036       3       javax.swing.LayoutComparator::compare (457 bytes)

GC Heap History (2 events):
Event: 53.282 GC heap before
{Heap before GC invocations=1 (full 0):
 PSYoungGen      total 33280K, used 28672K [0x00000000dad80000, 0x00000000dd280000, 0x0000000100000000)
  eden space 28672K, 100% used [0x00000000dad80000,0x00000000dc980000,0x00000000dc980000)
  from space 4608K, 0% used [0x00000000dce00000,0x00000000dce00000,0x00000000dd280000)
  to   space 4608K, 0% used [0x00000000dc980000,0x00000000dc980000,0x00000000dce00000)
 ParOldGen       total 76800K, used 0K [0x0000000090800000, 0x0000000095300000, 0x00000000dad80000)
  object space 76800K, 0% used [0x0000000090800000,0x0000000090800000,0x0000000095300000)
 Metaspace       used 16767K, capacity 17016K, committed 17280K, reserved 1064960K
  class space    used 2062K, capacity 2130K, committed 2176K, reserved 1048576K
Event: 53.297 GC heap after
Heap after GC invocations=1 (full 0):
 PSYoungGen      total 33280K, used 4597K [0x00000000dad80000, 0x00000000dd280000, 0x0000000100000000)
  eden space 28672K, 0% used [0x00000000dad80000,0x00000000dad80000,0x00000000dc980000)
  from space 4608K, 99% used [0x00000000dc980000,0x00000000dcdfd7f8,0x00000000dce00000)
  to   space 4608K, 0% used [0x00000000dce00000,0x00000000dce00000,0x00000000dd280000)
 ParOldGen       total 76800K, used 1892K [0x0000000090800000, 0x0000000095300000, 0x00000000dad80000)
  object space 76800K, 2% used [0x0000000090800000,0x00000000909d93e0,0x0000000095300000)
 Metaspace       used 16767K, capacity 17016K, committed 17280K, reserved 1064960K
  class space    used 2062K, capacity 2130K, committed 2176K, reserved 1048576K
}

Deoptimization events (10 events):
Event: 2.004 Thread 0x0000000018c49000 Uncommon trap: reason=class_check action=maybe_recompile pc=0x00000000029f73a0 method=java.lang.String.equals(Ljava/lang/Object;)Z @ 8
Event: 2.004 Thread 0x0000000018c49000 Uncommon trap: reason=class_check action=maybe_recompile pc=0x00000000029f73a0 method=java.lang.String.equals(Ljava/lang/Object;)Z @ 8
Event: 2.380 Thread 0x0000000018c49000 Uncommon trap: reason=unstable_if action=reinterpret pc=0x0000000002ac59e8 method=java.io.WinNTFileSystem.normalize(Ljava/lang/String;)Ljava/lang/String; @ 128
Event: 23.206 Thread 0x0000000018c49000 Uncommon trap: reason=class_check action=maybe_recompile pc=0x00000000029f73a0 method=java.lang.String.equals(Ljava/lang/Object;)Z @ 8
Event: 23.315 Thread 0x0000000018c49000 Uncommon trap: reason=unstable_if action=reinterpret pc=0x0000000002b25914 method=java.lang.ThreadLocal$ThreadLocalMap.getEntry(Ljava/lang/ThreadLocal;)Ljava/lang/ThreadLocal$ThreadLocalMap$Entry; @ 21
Event: 30.542 Thread 0x0000000018c49000 Uncommon trap: reason=class_check action=maybe_recompile pc=0x0000000002c98c14 method=sun.java2d.d3d.D3DRenderer.validateContext(Lsun/java2d/SunGraphics2D;)V @ 23
Event: 30.542 Thread 0x0000000018c49000 Uncommon trap: reason=class_check action=maybe_recompile pc=0x0000000002c7f470 method=sun.java2d.pipe.BufferedContext.validate(Lsun/java2d/pipe/hw/AccelSurface;Lsun/java2d/pipe/hw/AccelSurface;Lsun/java2d/pipe/Region;Ljava/awt/Composite;Ljava/awt/geom/Aff
Event: 30.543 Thread 0x0000000018c49000 Uncommon trap: reason=class_check action=maybe_recompile pc=0x0000000002c7f888 method=sun.java2d.pipe.BufferedContext.validate(Lsun/java2d/pipe/hw/AccelSurface;Lsun/java2d/pipe/hw/AccelSurface;Lsun/java2d/pipe/Region;Ljava/awt/Composite;Ljava/awt/geom/Aff
Event: 53.491 Thread 0x00000000193e5000 Uncommon trap: reason=unstable_if action=reinterpret pc=0x0000000002cb5e40 method=java.lang.ref.SoftReference.get()Ljava/lang/Object; @ 17
Event: 313.525 Thread 0x0000000018c49000 Uncommon trap: reason=null_check action=make_not_entrant pc=0x0000000002c7f99c method=sun.java2d.pipe.BufferedContext.validate(Lsun/java2d/pipe/hw/AccelSurface;Lsun/java2d/pipe/hw/AccelSurface;Lsun/java2d/pipe/Region;Ljava/awt/Composite;Ljava/awt/geom/Aff

Classes redefined (0 events):
No events

Internal exceptions (10 events):
Event: 0.330 Thread 0x0000000000e8d800 Exception <a 'java/io/FileNotFoundException'> (0x00000000daefc068) thrown at [C:\re\workspace\8-2-build-windows-amd64-cygwin\jdk8u231\13620\hotspot\src\share\vm\prims\jni.cpp, line 710]
Event: 0.440 Thread 0x0000000000e8d800 Exception <a 'java/lang/NoSuchFieldError': method resolution failed> (0x00000000dafccc28) thrown at [C:\re\workspace\8-2-build-windows-amd64-cygwin\jdk8u231\13620\hotspot\src\share\vm\prims\methodHandles.cpp, line 1167]
Event: 0.445 Thread 0x0000000000e8d800 Exception <a 'java/lang/NoSuchFieldError': method resolution failed> (0x00000000dafd9f78) thrown at [C:\re\workspace\8-2-build-windows-amd64-cygwin\jdk8u231\13620\hotspot\src\share\vm\prims\methodHandles.cpp, line 1167]
Event: 0.644 Thread 0x0000000000e8d800 Exception <a 'java/io/FileNotFoundException'> (0x00000000db0c0ff0) thrown at [C:\re\workspace\8-2-build-windows-amd64-cygwin\jdk8u231\13620\hotspot\src\share\vm\prims\jni.cpp, line 710]
Event: 1.455 Thread 0x0000000018c49000 Exception <a 'java/io/FileNotFoundException'> (0x00000000db45cc58) thrown at [C:\re\workspace\8-2-build-windows-amd64-cygwin\jdk8u231\13620\hotspot\src\share\vm\prims\jni.cpp, line 710]
Event: 1.481 Thread 0x0000000018c49000 Exception <a 'java/io/FileNotFoundException'> (0x00000000db49e3b0) thrown at [C:\re\workspace\8-2-build-windows-amd64-cygwin\jdk8u231\13620\hotspot\src\share\vm\prims\jni.cpp, line 710]
Event: 1.498 Thread 0x0000000018c49000 Exception <a 'java/io/FileNotFoundException'> (0x00000000db4df3b0) thrown at [C:\re\workspace\8-2-build-windows-amd64-cygwin\jdk8u231\13620\hotspot\src\share\vm\prims\jni.cpp, line 710]
Event: 1.518 Thread 0x0000000018c49000 Exception <a 'java/io/FileNotFoundException'> (0x00000000db522ba0) thrown at [C:\re\workspace\8-2-build-windows-amd64-cygwin\jdk8u231\13620\hotspot\src\share\vm\prims\jni.cpp, line 710]
Event: 23.315 Thread 0x0000000018c49000 Implicit null exception at 0x0000000002b25874 to 0x0000000002b258f5
Event: 313.525 Thread 0x0000000018c49000 Implicit null exception at 0x0000000002c7ea5e to 0x0000000002c7f965

Events (10 events):
Event: 53.297 Executing VM operation: ParallelGCFailedAllocation done
Event: 53.299 loading class java/io/FileOutputStream$1
Event: 53.299 loading class java/io/FileOutputStream$1 done
Event: 53.491 Thread 0x00000000193e5000 Uncommon trap: trap_request=0xffffff65 fr.pc=0x0000000002cb5e40
Event: 53.491 Thread 0x00000000193e5000 DEOPT PACKING pc=0x0000000002cb5e40 sp=0x00000000221fe9c0
Event: 53.491 Thread 0x00000000193e5000 DEOPT UNPACKING pc=0x00000000028c583b sp=0x00000000221fe960 mode 2
Event: 313.521 Thread 0x0000000018f3c800 Thread exited: 0x0000000018f3c800
Event: 313.525 Thread 0x0000000018c49000 Uncommon trap: trap_request=0xfffffff4 fr.pc=0x0000000002c7f99c
Event: 313.525 Thread 0x0000000018c49000 DEOPT PACKING pc=0x0000000002c7f99c sp=0x0000000019ddcd50
Event: 313.525 Thread 0x0000000018c49000 DEOPT UNPACKING pc=0x00000000028c583b sp=0x0000000019ddccd0 mode 2


Dynamic libraries:
0x00007ff65d2e0000 - 0x00007ff65d317000 	C:\Program Files\Java\jdk1.8.0_231\bin\java.exe
0x00007fff4f900000 - 0x00007fff4faf0000 	C:\WINDOWS\SYSTEM32\ntdll.dll
0x00007fff4ea80000 - 0x00007fff4eb32000 	C:\WINDOWS\System32\KERNEL32.DLL
0x00007fff4d570000 - 0x00007fff4d813000 	C:\WINDOWS\System32\KERNELBASE.dll
0x00007fff4e670000 - 0x00007fff4e713000 	C:\WINDOWS\System32\ADVAPI32.dll
0x00007fff4ede0000 - 0x00007fff4ee7e000 	C:\WINDOWS\System32\msvcrt.dll
0x00007fff4e2a0000 - 0x00007fff4e337000 	C:\WINDOWS\System32\sechost.dll
0x00007fff4e960000 - 0x00007fff4ea80000 	C:\WINDOWS\System32\RPCRT4.dll
0x00007fff4e340000 - 0x00007fff4e4d4000 	C:\WINDOWS\System32\USER32.dll
0x00007fff4d8b0000 - 0x00007fff4d8d1000 	C:\WINDOWS\System32\win32u.dll
0x00007fff4ebc0000 - 0x00007fff4ebe6000 	C:\WINDOWS\System32\GDI32.dll
0x00007fff4c890000 - 0x00007fff4ca24000 	C:\WINDOWS\System32\gdi32full.dll
0x00007fff4cb00000 - 0x00007fff4cb9e000 	C:\WINDOWS\System32\msvcp_win.dll
0x00007fff4d470000 - 0x00007fff4d56a000 	C:\WINDOWS\System32\ucrtbase.dll
0x00007fff3e400000 - 0x00007fff3e685000 	C:\WINDOWS\WinSxS\amd64_microsoft.windows.common-controls_6595b64144ccf1df_6.0.18362.657_none_e6c5b579130e3898\COMCTL32.dll
0x00007fff4ee90000 - 0x00007fff4f1c6000 	C:\WINDOWS\System32\combase.dll
0x00007fff4ca80000 - 0x00007fff4cb00000 	C:\WINDOWS\System32\bcryptPrimitives.dll
0x00007fff4ec70000 - 0x00007fff4ec9e000 	C:\WINDOWS\System32\IMM32.DLL
0x0000000054420000 - 0x00000000544f2000 	C:\Program Files\Java\jdk1.8.0_231\jre\bin\msvcr100.dll
0x0000000054500000 - 0x0000000054da6000 	C:\Program Files\Java\jdk1.8.0_231\jre\bin\server\jvm.dll
0x00007fff4d9b0000 - 0x00007fff4d9b8000 	C:\WINDOWS\System32\PSAPI.DLL
0x00007fff49530000 - 0x00007fff49539000 	C:\WINDOWS\SYSTEM32\WSOCK32.dll
0x00007fff49470000 - 0x00007fff49494000 	C:\WINDOWS\SYSTEM32\WINMM.dll
0x00007fff44370000 - 0x00007fff4437a000 	C:\WINDOWS\SYSTEM32\VERSION.dll
0x00007fff4e8f0000 - 0x00007fff4e95f000 	C:\WINDOWS\System32\WS2_32.dll
0x00007fff49440000 - 0x00007fff4946d000 	C:\WINDOWS\SYSTEM32\winmmbase.dll
0x00007fff4ca30000 - 0x00007fff4ca7a000 	C:\WINDOWS\System32\cfgmgr32.dll
0x00007fff34f20000 - 0x00007fff34f2f000 	C:\Program Files\Java\jdk1.8.0_231\jre\bin\verify.dll
0x00007fff28930000 - 0x00007fff28959000 	C:\Program Files\Java\jdk1.8.0_231\jre\bin\java.dll
0x00007fff2f060000 - 0x00007fff2f076000 	C:\Program Files\Java\jdk1.8.0_231\jre\bin\zip.dll
0x00007fff4f1d0000 - 0x00007fff4f8b5000 	C:\WINDOWS\System32\SHELL32.dll
0x00007fff4e1f0000 - 0x00007fff4e299000 	C:\WINDOWS\System32\shcore.dll
0x00007fff4cba0000 - 0x00007fff4d31f000 	C:\WINDOWS\System32\windows.storage.dll
0x00007fff4c830000 - 0x00007fff4c84f000 	C:\WINDOWS\System32\profapi.dll
0x00007fff4c7e0000 - 0x00007fff4c82a000 	C:\WINDOWS\System32\powrprof.dll
0x00007fff4c7d0000 - 0x00007fff4c7e0000 	C:\WINDOWS\System32\UMPDC.dll
0x00007fff4e190000 - 0x00007fff4e1e2000 	C:\WINDOWS\System32\shlwapi.dll
0x00007fff4c870000 - 0x00007fff4c881000 	C:\WINDOWS\System32\kernel.appcore.dll
0x00007fff4d990000 - 0x00007fff4d9a7000 	C:\WINDOWS\System32\cryptsp.dll
0x00007fff19e00000 - 0x00007fff19f9a000 	C:\Program Files\Java\jdk1.8.0_231\jre\bin\awt.dll
0x00007fff4db70000 - 0x00007fff4dc34000 	C:\WINDOWS\System32\OLEAUT32.dll
0x00007fff4a950000 - 0x00007fff4a9df000 	C:\WINDOWS\SYSTEM32\apphelp.dll
0x00007fff4ab30000 - 0x00007fff4abc9000 	C:\WINDOWS\system32\uxtheme.dll
0x00007fff4eca0000 - 0x00007fff4edd5000 	C:\WINDOWS\System32\MSCTF.dll
0x00007fff4e720000 - 0x00007fff4e876000 	C:\WINDOWS\System32\ole32.dll
0x00007fff4b120000 - 0x00007fff4b14d000 	C:\WINDOWS\system32\DWMAPI.DLL
0x00007fff192b0000 - 0x00007fff19406000 	C:\WINDOWS\system32\opengl32.dll
0x00007fff23770000 - 0x00007fff2379c000 	C:\WINDOWS\SYSTEM32\GLU32.dll
0x00007fff4b420000 - 0x00007fff4b440000 	C:\WINDOWS\SYSTEM32\dxcore.dll
0x00007fff189c0000 - 0x00007fff18b87000 	C:\WINDOWS\system32\d3d9.dll
0x00007fff44380000 - 0x00007fff444e4000 	C:\WINDOWS\SYSTEM32\aticfx64.dll
0x00007fff30a80000 - 0x00007fff30aa1000 	C:\WINDOWS\SYSTEM32\atiu9p64.dll
0x00007fff12b10000 - 0x00007fff13369000 	C:\WINDOWS\SYSTEM32\atiumd64.dll
0x0000000053b90000 - 0x0000000054418000 	C:\WINDOWS\SYSTEM32\atiumd6a.dll
0x00007fff22d90000 - 0x00007fff22dd9000 	C:\Program Files\Java\jdk1.8.0_231\jre\bin\fontmanager.dll
0x00007fff2d0d0000 - 0x00007fff2d0ea000 	C:\Program Files\Java\jdk1.8.0_231\jre\bin\net.dll
0x00007fff4bfe0000 - 0x00007fff4c047000 	C:\WINDOWS\system32\mswsock.dll
0x00007fff2c440000 - 0x00007fff2c452000 	C:\Program Files\Java\jdk1.8.0_231\jre\bin\nio.dll
0x00007fff4e4e0000 - 0x00007fff4e582000 	C:\WINDOWS\System32\clbcatq.dll
0x00007fff47830000 - 0x00007fff479df000 	C:\WINDOWS\SYSTEM32\WindowsCodecs.dll
0x00007fff34760000 - 0x00007fff3479a000 	C:\WINDOWS\system32\dataexchange.dll
0x00007fff49b30000 - 0x00007fff49d8b000 	C:\WINDOWS\system32\d3d11.dll
0x00007fff4a1f0000 - 0x00007fff4a3cb000 	C:\WINDOWS\system32\dcomp.dll
0x00007fff4b4b0000 - 0x00007fff4b59b000 	C:\WINDOWS\system32\dxgi.dll
0x00007fff4ac00000 - 0x00007fff4ae5a000 	C:\WINDOWS\system32\twinapi.appcore.dll
0x00007fff4b030000 - 0x00007fff4b059000 	C:\WINDOWS\system32\RMCLIENT.dll
0x00007fff20990000 - 0x00007fff209d2000 	C:\Program Files\Java\jdk1.8.0_231\jre\bin\t2k.dll
0x00007fff421c0000 - 0x00007fff4225e000 	C:\WINDOWS\System32\TextInputFramework.dll
0x00007fff480c0000 - 0x00007fff483ea000 	C:\WINDOWS\System32\CoreUIComponents.dll
0x00007fff4a740000 - 0x00007fff4a814000 	C:\WINDOWS\System32\CoreMessaging.dll
0x00007fff47e60000 - 0x00007fff47fb3000 	C:\WINDOWS\SYSTEM32\wintypes.dll
0x00007fff4b810000 - 0x00007fff4b841000 	C:\WINDOWS\SYSTEM32\ntmarta.dll
0x0000000180000000 - 0x0000000180025000 	C:\Program Files\Java\jdk1.8.0_231\jre\bin\rxtxSerial.dll
0x00007fff3f1f0000 - 0x00007fff3f299000 	C:\WINDOWS\WinSxS\amd64_microsoft.windows.common-controls_6595b64144ccf1df_5.82.18362.657_none_2a27eafe46699ec9\comctl32.dll
0x00007fff34fd0000 - 0x00007fff34ffa000 	C:\Program Files\Java\jdk1.8.0_231\jre\bin\dcpr.dll
0x00007fff40c90000 - 0x00007fff40f36000 	C:\WINDOWS\System32\iertutil.dll
0x00007fff3bed0000 - 0x00007fff3c0c4000 	C:\WINDOWS\SYSTEM32\dbghelp.dll

VM Arguments:
jvm_args: -Dfile.encoding=UTF-8 
java_command: laboratori1digitales3.MainFrame
java_class_path (initial): C:\Users\eldoc\Documents\NetBeansProjects\Laboratori1Digitales3\lib\jcommon-1.0.23.jar;C:\Users\eldoc\Documents\NetBeansProjects\Laboratori1Digitales3\lib\jfreechart-1.0.19.jar;C:\Users\eldoc\Documents\NetBeansProjects\Laboratori1Digitales3\lib\rxtxcomm-2.2.jar;C:\Users\eldoc\Documents\NetBeansProjects\Laboratori1Digitales3\build\classes
Launcher Type: SUN_STANDARD

Environment Variables:
PATH=C:\Program Files (x86)\Common Files\Oracle\Java\javapath;C:\WINDOWS\system32;C:\WINDOWS;C:\WINDOWS\System32\Wbem;C:\WINDOWS\System32\WindowsPowerShell\v1.0\;C:\WINDOWS\System32\OpenSSH\;C:\PROGRA~2\PICC;C:\Program Files\MATLAB\R2017a\runtime\win64;C:\Program Files\MATLAB\R2017a\bin;C:\Program Files (x86)\National Instruments\Shared\LabVIEW CLI;C:\Users\eldoc\AppData\Local\Microsoft\WindowsApps;
USERNAME=eldoc
OS=Windows_NT
PROCESSOR_IDENTIFIER=AMD64 Family 22 Model 48 Stepping 1, AuthenticAMD



---------------  S Y S T E M  ---------------

OS: Windows 10.0 , 64 bit Build 18362 (10.0.18362.329)

CPU:total 4 (initial active 4) (4 cores per cpu, 1 threads per core) family 22 model 48 stepping 1, cmov, cx8, fxsr, mmx, sse, sse2, sse3, ssse3, sse4.1, sse4.2, popcnt, avx, aes, clmul, mmxext, 3dnowpref, lzcnt, sse4a, tsc, tscinvbit, tscinv, bmi1

Memory: 4k page, physical 7305580k(3262064k free), swap 8485228k(2562064k free)

vm_info: Java HotSpot(TM) 64-Bit Server VM (25.231-b11) for windows-amd64 JRE (1.8.0_231-b11), built on Oct  5 2019 03:11:30 by "java_re" with MS VC++ 10.0 (VS2010)

time: Wed Mar 25 13:08:54 2020
timezone: Hora est. Pacífico, Sudamérica
elapsed time: 313 seconds (0d 0h 5m 13s)

