#
# A fatal error has been detected by the Java Runtime Environment:
#
#  EXCEPTION_ACCESS_VIOLATION (0xc0000005) at pc=0x00000001800039fb, pid=10164, tid=0x0000000000002f5c
#
# JRE version: Java(TM) SE Runtime Environment (8.0_231-b11) (build 1.8.0_231-b11)
# Java VM: Java HotSpot(TM) 64-Bit Server VM (25.231-b11 mixed mode windows-amd64 compressed oops)
# Problematic frame:
# C  [rxtxSerial.dll+0x39fb]
#
# Failed to write core dump. Minidumps are not enabled by default on client versions of Windows
#
# If you would like to submit a bug report, please visit:
#   http://bugreport.java.com/bugreport/crash.jsp
# The crash happened outside the Java Virtual Machine in native code.
# See problematic frame for where to report the bug.
#

---------------  T H R E A D  ---------------

Current thread (0x00000000184e6000):  JavaThread "Thread-4" [_thread_in_native, id=12124, stack(0x0000000022030000,0x0000000022130000)]

siginfo: ExceptionCode=0xc0000005, writing address 0x000000002105f188

Registers:
RAX=0x00000000ffffffff, RBX=0x0000000000000000, RCX=0x0294b37c92f10000, RDX=0x0000000000000000
RSP=0x000000002212ec10, RBP=0x00000000ffffffff, RSI=0x0000000000000001, RDI=0x0000000000000004
R8 =0x000000001ebda780, R9 =0x0000000180000000, R10=0x000000000000001d, R11=0x000000001a2a39c0
R12=0x000000002105f180, R13=0x0000000000000000, R14=0x0000000000000001, R15=0x0000000000000000
RIP=0x00000001800039fb, EFLAGS=0x0000000000010286

Top of Stack: (sp=0x000000002212ec10)
0x000000002212ec10:   0000000000000000 0000000000000000
0x000000002212ec20:   0000000000000000 0000000000000000
0x000000002212ec30:   00000000184e6000 00000000ffffffff
0x000000002212ec40:   0000000000000001 0000000000000000
0x000000002212ec50:   00000000184e61f8 0000000000000001
0x000000002212ec60:   000000002212ed60 000000018000535a
0x000000002212ec70:   000000001983d020 0000000000000001
0x000000002212ec80:   0000000000000001 000000001983d020
0x000000002212ec90:   0000000000000001 00000000ffffffff
0x000000002212eca0:   000000002212ed58 00000001800058fe
0x000000002212ecb0:   00000000184e61f8 000000004004667f
0x000000002212ecc0:   000000002212ecd0 fffffffffffff8b8
0x000000002212ecd0:   0000000100000000 00000000dba7cd40
0x000000002212ece0:   0000000000000010 000006ce1a4ed060
0x000000002212ecf0:   00000000928e4fc8 0000000000002000
0x000000002212ed00:   0000000000000000 0000000000000001 

Instructions: (pc=0x00000001800039fb)
0x00000001800039db:   3d 00 00 85 c0 78 33 74 06 03 d8 2b f0 eb 0a b9
0x00000001800039eb:   e8 03 00 00 e8 1c 27 00 00 41 3b de 7c b7 8b c3
0x00000001800039fb:   45 89 6c 24 08 48 8b 5c 24 60 48 83 c4 20 41 5f
0x0000000180003a0b:   41 5e 41 5d 41 5c 5f 5e 5d c3 e8 62 6d 00 00 83 


Register to memory mapping:

RAX=0x00000000ffffffff is an unallocated location in the heap
RBX=0x0000000000000000 is an unknown value
RCX=0x0294b37c92f10000 is an unknown value
RDX=0x0000000000000000 is an unknown value
RSP=0x000000002212ec10 is pointing into the stack for thread: 0x00000000184e6000
RBP=0x00000000ffffffff is an unallocated location in the heap
RSI=0x0000000000000001 is an unknown value
RDI=0x0000000000000004 is an unknown value
R8 =0x000000001ebda780 is an unknown value
R9 =0x0000000180000000 is an unknown value
R10=0x000000000000001d is an unknown value
R11=0x000000001a2a39c0 is an unknown value
R12=0x000000002105f180 is an unknown value
R13=0x0000000000000000 is an unknown value
R14=0x0000000000000001 is an unknown value
R15=0x0000000000000000 is an unknown value


Stack: [0x0000000022030000,0x0000000022130000],  sp=0x000000002212ec10,  free space=1019k
Native frames: (J=compiled Java code, j=interpreted, Vv=VM code, C=native code)
C  [rxtxSerial.dll+0x39fb]
C  [rxtxSerial.dll+0x535a]
C  0x0000000003097c1a

Java frames: (J=compiled Java code, j=interpreted, Vv=VM code)
J 2767  gnu.io.RXTXPort.readArray([BII)I (0 bytes) @ 0x0000000003097b94 [0x0000000003097b40+0x54]
J 4322 C2 sun.nio.cs.StreamDecoder.readBytes()I (289 bytes) @ 0x00000000034675a0 [0x00000000034672a0+0x300]
J 3037 C1 sun.nio.cs.StreamDecoder.implRead([CII)I (243 bytes) @ 0x0000000003162454 [0x00000000031618e0+0xb74]
J 2807 C1 sun.nio.cs.StreamDecoder.read([CII)I (196 bytes) @ 0x00000000030b2c0c [0x00000000030b23e0+0x82c]
J 2806 C1 java.io.InputStreamReader.read([CII)I (11 bytes) @ 0x00000000030b3a14 [0x00000000030b3980+0x94]
J 2850 C1 java.io.Reader.read(Ljava/nio/CharBuffer;)I (35 bytes) @ 0x00000000030e384c [0x00000000030e35e0+0x26c]
J 2849 C1 java.util.Scanner.readInput()V (136 bytes) @ 0x00000000030e434c [0x00000000030e3da0+0x5ac]
J 3149 C1 java.util.Scanner.hasNext()Z (46 bytes) @ 0x00000000031e6764 [0x00000000031e65a0+0x1c4]
j  laboratori1digitales3.MainFrame.recibirDatos()V+128
j  laboratori1digitales3.MainFrame.run()V+1
j  java.lang.Thread.run()V+11
v  ~StubRoutines::call_stub

---------------  P R O C E S S  ---------------

Java Threads: ( => current thread )
=>0x00000000184e6000 JavaThread "Thread-4" [_thread_in_native, id=12124, stack(0x0000000022030000,0x0000000022130000)]
  0x0000000019818000 JavaThread "TimerQueue" daemon [_thread_blocked, id=12636, stack(0x0000000020030000,0x0000000020130000)]
  0x00000000196d3000 JavaThread "D3D Screen Updater" daemon [_thread_in_native, id=1828, stack(0x000000001f820000,0x000000001f920000)]
  0x00000000024ed800 JavaThread "DestroyJavaVM" [_thread_blocked, id=12024, stack(0x00000000024f0000,0x00000000025f0000)]
  0x00000000186f4800 JavaThread "AWT-EventQueue-0" [_thread_blocked, id=2452, stack(0x0000000018f70000,0x0000000019070000)]
  0x00000000186cb000 JavaThread "AWT-Windows" daemon [_thread_in_vm, id=12756, stack(0x0000000018d80000,0x0000000018e80000)]
  0x00000000186c8000 JavaThread "AWT-Shutdown" [_thread_blocked, id=9868, stack(0x0000000018c80000,0x0000000018d80000)]
  0x00000000186c7800 JavaThread "Java2D Disposer" daemon [_thread_blocked, id=12672, stack(0x0000000018b80000,0x0000000018c80000)]
  0x0000000018318000 JavaThread "Service Thread" daemon [_thread_blocked, id=1968, stack(0x0000000018810000,0x0000000018910000)]
  0x0000000018312000 JavaThread "C1 CompilerThread2" daemon [_thread_blocked, id=13584, stack(0x0000000018710000,0x0000000018810000)]
  0x0000000016ac8000 JavaThread "C2 CompilerThread1" daemon [_thread_blocked, id=3008, stack(0x0000000018210000,0x0000000018310000)]
  0x0000000016a75800 JavaThread "C2 CompilerThread0" daemon [_thread_blocked, id=12828, stack(0x0000000018110000,0x0000000018210000)]
  0x0000000016a74000 JavaThread "Attach Listener" daemon [_thread_blocked, id=11156, stack(0x0000000018010000,0x0000000018110000)]
  0x0000000016a72800 JavaThread "Signal Dispatcher" daemon [_thread_blocked, id=10580, stack(0x0000000017f10000,0x0000000018010000)]
  0x00000000027e6800 JavaThread "Finalizer" daemon [_thread_blocked, id=5704, stack(0x0000000017cf0000,0x0000000017df0000)]
  0x00000000027e1000 JavaThread "Reference Handler" daemon [_thread_blocked, id=5744, stack(0x0000000017bf0000,0x0000000017cf0000)]

Other Threads:
  0x0000000016a38000 VMThread [stack: 0x0000000017af0000,0x0000000017bf0000] [id=6792]
  0x000000001832a000 WatcherThread [stack: 0x0000000018a80000,0x0000000018b80000] [id=13476]

VM state:not at safepoint (normal execution)

VM Mutex/Monitor currently owned by a thread: None

heap address: 0x0000000090800000, size: 1784 MB, Compressed Oops mode: 32-bit
Narrow klass base: 0x0000000000000000, Narrow klass shift: 3
Compressed class space size: 1073741824 Address: 0x0000000100000000

Heap:
 PSYoungGen      total 125952K, used 46069K [0x00000000dad80000, 0x00000000e5300000, 0x0000000100000000)
  eden space 92160K, 16% used [0x00000000dad80000,0x00000000dbc385e0,0x00000000e0780000)
  from space 33792K, 91% used [0x00000000e2c00000,0x00000000e4a45030,0x00000000e4d00000)
  to   space 37376K, 0% used [0x00000000e0780000,0x00000000e0780000,0x00000000e2c00000)
 ParOldGen       total 312320K, used 243581K [0x0000000090800000, 0x00000000a3900000, 0x00000000dad80000)
  object space 312320K, 77% used [0x0000000090800000,0x000000009f5df660,0x00000000a3900000)
 Metaspace       used 18207K, capacity 18470K, committed 18816K, reserved 1067008K
  class space    used 2081K, capacity 2135K, committed 2176K, reserved 1048576K

Card table byte_map: [0x0000000011bb0000,0x0000000011f30000] byte_map_base: 0x000000001172c000

Marking Bits: (ParMarkBitMap*) 0x0000000076476d90
 Begin Bits: [0x0000000012590000, 0x0000000014170000)
 End Bits:   [0x0000000014170000, 0x0000000015d50000)

Polling page: 0x0000000000b80000

CodeCache: size=245760Kb used=12642Kb max_used=12708Kb free=233117Kb
 bounds [0x00000000027f0000, 0x0000000003470000, 0x00000000117f0000]
 total_blobs=4271 nmethods=3691 adapters=492
 compilation: enabled

Compilation events (10 events):
Event: 263.929 Thread 0x0000000016a75800 4328       4       java.util.WeakHashMap::get (77 bytes)
Event: 263.934 Thread 0x0000000016a75800 nmethod 4328 0x000000000345e6d0 code [0x000000000345e820, 0x000000000345ea28]
Event: 263.934 Thread 0x0000000016ac8000 4329       4       sun.util.locale.provider.RuleBasedBreakIterator::getShort (27 bytes)
Event: 263.934 Thread 0x0000000018312000 4330       3       sun.util.locale.provider.RuleBasedBreakIterator::getInt (38 bytes)
Event: 263.935 Thread 0x0000000018312000 nmethod 4330 0x0000000002fc3110 code [0x0000000002fc3280, 0x0000000002fc34b0]
Event: 263.935 Thread 0x0000000016ac8000 nmethod 4329 0x00000000033bd890 code [0x00000000033bd9c0, 0x00000000033bda78]
Event: 263.942 Thread 0x0000000018312000 4331       1       java.awt.Window::getFocusableWindowState (5 bytes)
Event: 263.942 Thread 0x0000000018312000 nmethod 4331 0x0000000003106690 code [0x00000000031067e0, 0x00000000031068f0]
Event: 263.945 Thread 0x0000000018312000 4332       1       java.util.Locale$LocaleKey::hashCode (5 bytes)
Event: 263.945 Thread 0x0000000018312000 nmethod 4332 0x000000000303f350 code [0x000000000303f4a0, 0x000000000303f5b0]

GC Heap History (10 events):
Event: 187.272 GC heap before
{Heap before GC invocations=75 (full 5):
 PSYoungGen      total 106496K, used 78832K [0x00000000dad80000, 0x00000000e3d80000, 0x0000000100000000)
  eden space 72192K, 100% used [0x00000000dad80000,0x00000000df400000,0x00000000df400000)
  from space 34304K, 19% used [0x00000000df400000,0x00000000dfa7c030,0x00000000e1580000)
  to   space 33792K, 0% used [0x00000000e1c80000,0x00000000e1c80000,0x00000000e3d80000)
 ParOldGen       total 312320K, used 236839K [0x0000000090800000, 0x00000000a3900000, 0x00000000dad80000)
  object space 312320K, 75% used [0x0000000090800000,0x000000009ef49ff0,0x00000000a3900000)
 Metaspace       used 18159K, capacity 18406K, committed 18560K, reserved 1064960K
  class space    used 2077K, capacity 2135K, committed 2176K, reserved 1048576K
Event: 187.294 GC heap after
Heap after GC invocations=75 (full 5):
 PSYoungGen      total 113664K, used 7540K [0x00000000dad80000, 0x00000000e3d80000, 0x0000000100000000)
  eden space 79872K, 0% used [0x00000000dad80000,0x00000000dad80000,0x00000000dfb80000)
  from space 33792K, 22% used [0x00000000e1c80000,0x00000000e23dd080,0x00000000e3d80000)
  to   space 33792K, 0% used [0x00000000dfb80000,0x00000000dfb80000,0x00000000e1c80000)
 ParOldGen       total 312320K, used 242039K [0x0000000090800000, 0x00000000a3900000, 0x00000000dad80000)
  object space 312320K, 77% used [0x0000000090800000,0x000000009f45dc50,0x00000000a3900000)
 Metaspace       used 18159K, capacity 18406K, committed 18560K, reserved 1064960K
  class space    used 2077K, capacity 2135K, committed 2176K, reserved 1048576K
}
Event: 190.578 GC heap before
{Heap before GC invocations=76 (full 5):
 PSYoungGen      total 113664K, used 87412K [0x00000000dad80000, 0x00000000e3d80000, 0x0000000100000000)
  eden space 79872K, 100% used [0x00000000dad80000,0x00000000dfb80000,0x00000000dfb80000)
  from space 33792K, 22% used [0x00000000e1c80000,0x00000000e23dd080,0x00000000e3d80000)
  to   space 33792K, 0% used [0x00000000dfb80000,0x00000000dfb80000,0x00000000e1c80000)
 ParOldGen       total 312320K, used 242039K [0x0000000090800000, 0x00000000a3900000, 0x00000000dad80000)
  object space 312320K, 77% used [0x0000000090800000,0x000000009f45dc50,0x00000000a3900000)
 Metaspace       used 18162K, capacity 18406K, committed 18560K, reserved 1064960K
  class space    used 2077K, capacity 2135K, committed 2176K, reserved 1048576K
Event: 190.590 GC heap after
Heap after GC invocations=76 (full 5):
 PSYoungGen      total 113664K, used 12219K [0x00000000dad80000, 0x00000000e4380000, 0x0000000100000000)
  eden space 79872K, 0% used [0x00000000dad80000,0x00000000dad80000,0x00000000dfb80000)
  from space 33792K, 36% used [0x00000000dfb80000,0x00000000e076ece0,0x00000000e1c80000)
  to   space 32768K, 0% used [0x00000000e2380000,0x00000000e2380000,0x00000000e4380000)
 ParOldGen       total 312320K, used 243573K [0x0000000090800000, 0x00000000a3900000, 0x00000000dad80000)
  object space 312320K, 77% used [0x0000000090800000,0x000000009f5dd660,0x00000000a3900000)
 Metaspace       used 18162K, capacity 18406K, committed 18560K, reserved 1064960K
  class space    used 2077K, capacity 2135K, committed 2176K, reserved 1048576K
}
Event: 193.886 GC heap before
{Heap before GC invocations=77 (full 5):
 PSYoungGen      total 113664K, used 92091K [0x00000000dad80000, 0x00000000e4380000, 0x0000000100000000)
  eden space 79872K, 100% used [0x00000000dad80000,0x00000000dfb80000,0x00000000dfb80000)
  from space 33792K, 36% used [0x00000000dfb80000,0x00000000e076ece0,0x00000000e1c80000)
  to   space 32768K, 0% used [0x00000000e2380000,0x00000000e2380000,0x00000000e4380000)
 ParOldGen       total 312320K, used 243573K [0x0000000090800000, 0x00000000a3900000, 0x00000000dad80000)
  object space 312320K, 77% used [0x0000000090800000,0x000000009f5dd660,0x00000000a3900000)
 Metaspace       used 18167K, capacity 18406K, committed 18560K, reserved 1064960K
  class space    used 2077K, capacity 2135K, committed 2176K, reserved 1048576K
Event: 193.900 GC heap after
Heap after GC invocations=77 (full 5):
 PSYoungGen      total 117760K, used 17730K [0x00000000dad80000, 0x00000000e4100000, 0x0000000100000000)
  eden space 87552K, 0% used [0x00000000dad80000,0x00000000dad80000,0x00000000e0300000)
  from space 30208K, 58% used [0x00000000e2380000,0x00000000e34d0940,0x00000000e4100000)
  to   space 31744K, 0% used [0x00000000e0300000,0x00000000e0300000,0x00000000e2200000)
 ParOldGen       total 312320K, used 243581K [0x0000000090800000, 0x00000000a3900000, 0x00000000dad80000)
  object space 312320K, 77% used [0x0000000090800000,0x000000009f5df660,0x00000000a3900000)
 Metaspace       used 18167K, capacity 18406K, committed 18560K, reserved 1064960K
  class space    used 2077K, capacity 2135K, committed 2176K, reserved 1048576K
}
Event: 197.222 GC heap before
{Heap before GC invocations=78 (full 5):
 PSYoungGen      total 117760K, used 105282K [0x00000000dad80000, 0x00000000e4100000, 0x0000000100000000)
  eden space 87552K, 100% used [0x00000000dad80000,0x00000000e0300000,0x00000000e0300000)
  from space 30208K, 58% used [0x00000000e2380000,0x00000000e34d0940,0x00000000e4100000)
  to   space 31744K, 0% used [0x00000000e0300000,0x00000000e0300000,0x00000000e2200000)
 ParOldGen       total 312320K, used 243581K [0x0000000090800000, 0x00000000a3900000, 0x00000000dad80000)
  object space 312320K, 77% used [0x0000000090800000,0x000000009f5df660,0x00000000a3900000)
 Metaspace       used 18170K, capacity 18406K, committed 18560K, reserved 1064960K
  class space    used 2077K, capacity 2135K, committed 2176K, reserved 1048576K
Event: 197.240 GC heap after
Heap after GC invocations=78 (full 5):
 PSYoungGen      total 119296K, used 25715K [0x00000000dad80000, 0x00000000e4d00000, 0x0000000100000000)
  eden space 87552K, 0% used [0x00000000dad80000,0x00000000dad80000,0x00000000e0300000)
  from space 31744K, 81% used [0x00000000e0300000,0x00000000e1c1cdf0,0x00000000e2200000)
  to   space 33792K, 0% used [0x00000000e2c00000,0x00000000e2c00000,0x00000000e4d00000)
 ParOldGen       total 312320K, used 243581K [0x0000000090800000, 0x00000000a3900000, 0x00000000dad80000)
  object space 312320K, 77% used [0x0000000090800000,0x000000009f5df660,0x00000000a3900000)
 Metaspace       used 18170K, capacity 18406K, committed 18560K, reserved 1064960K
  class space    used 2077K, capacity 2135K, committed 2176K, reserved 1048576K
}
Event: 223.166 GC heap before
{Heap before GC invocations=79 (full 5):
 PSYoungGen      total 119296K, used 113267K [0x00000000dad80000, 0x00000000e4d00000, 0x0000000100000000)
  eden space 87552K, 100% used [0x00000000dad80000,0x00000000e0300000,0x00000000e0300000)
  from space 31744K, 81% used [0x00000000e0300000,0x00000000e1c1cdf0,0x00000000e2200000)
  to   space 33792K, 0% used [0x00000000e2c00000,0x00000000e2c00000,0x00000000e4d00000)
 ParOldGen       total 312320K, used 243581K [0x0000000090800000, 0x00000000a3900000, 0x00000000dad80000)
  object space 312320K, 77% used [0x0000000090800000,0x000000009f5df660,0x00000000a3900000)
 Metaspace       used 18188K, capacity 18470K, committed 18816K, reserved 1067008K
  class space    used 2077K, capacity 2135K, committed 2176K, reserved 1048576K
Event: 223.187 GC heap after
Heap after GC invocations=79 (full 5):
 PSYoungGen      total 125952K, used 30996K [0x00000000dad80000, 0x00000000e5300000, 0x0000000100000000)
  eden space 92160K, 0% used [0x00000000dad80000,0x00000000dad80000,0x00000000e0780000)
  from space 33792K, 91% used [0x00000000e2c00000,0x00000000e4a45030,0x00000000e4d00000)
  to   space 37376K, 0% used [0x00000000e0780000,0x00000000e0780000,0x00000000e2c00000)
 ParOldGen       total 312320K, used 243581K [0x0000000090800000, 0x00000000a3900000, 0x00000000dad80000)
  object space 312320K, 77% used [0x0000000090800000,0x000000009f5df660,0x00000000a3900000)
 Metaspace       used 18188K, capacity 18470K, committed 18816K, reserved 1067008K
  class space    used 2077K, capacity 2135K, committed 2176K, reserved 1048576K
}

Deoptimization events (10 events):
Event: 263.935 Thread 0x00000000186f4800 Uncommon trap: reason=class_check action=maybe_recompile pc=0x00000000031949b8 method=sun.util.locale.provider.RuleBasedBreakIterator.handleNext()I @ 6
Event: 263.935 Thread 0x00000000186f4800 Uncommon trap: reason=class_check action=maybe_recompile pc=0x000000000308ac18 method=sun.util.locale.provider.RuleBasedBreakIterator.getCurrentCodePointCount()I @ 4
Event: 263.935 Thread 0x00000000186f4800 Uncommon trap: reason=class_check action=maybe_recompile pc=0x00000000030bb11c method=sun.util.locale.provider.RuleBasedBreakIterator.getCurrent()I @ 4
Event: 263.935 Thread 0x00000000186f4800 Uncommon trap: reason=class_check action=maybe_recompile pc=0x000000000308ac18 method=sun.util.locale.provider.RuleBasedBreakIterator.getCurrentCodePointCount()I @ 4
Event: 263.935 Thread 0x00000000186f4800 Uncommon trap: reason=class_check action=maybe_recompile pc=0x00000000031178a8 method=sun.util.locale.provider.RuleBasedBreakIterator.getNext()I @ 4
Event: 263.935 Thread 0x00000000186f4800 Uncommon trap: reason=class_check action=maybe_recompile pc=0x00000000031178a8 method=sun.util.locale.provider.RuleBasedBreakIterator.getNext()I @ 4
Event: 263.935 Thread 0x00000000186f4800 Uncommon trap: reason=class_check action=maybe_recompile pc=0x00000000031949b8 method=sun.util.locale.provider.RuleBasedBreakIterator.handleNext()I @ 6
Event: 263.936 Thread 0x00000000186f4800 Uncommon trap: reason=class_check action=maybe_recompile pc=0x0000000003199258 method=sun.util.locale.provider.RuleBasedBreakIterator.checkOffset(ILjava/text/CharacterIterator;)V @ 2
Event: 263.936 Thread 0x00000000186f4800 Uncommon trap: reason=class_check action=maybe_recompile pc=0x00000000031949b8 method=sun.util.locale.provider.RuleBasedBreakIterator.handleNext()I @ 6
Event: 263.949 Thread 0x00000000186f4800 Uncommon trap: reason=unstable_if action=reinterpret pc=0x000000000345e9b8 method=java.util.WeakHashMap.get(Ljava/lang/Object;)Ljava/lang/Object; @ 44

Classes redefined (0 events):
No events

Internal exceptions (10 events):
Event: 0.495 Thread 0x00000000024ed800 Exception <a 'java/io/FileNotFoundException'> (0x00000000daefbae8) thrown at [C:\re\workspace\8-2-build-windows-amd64-cygwin\jdk8u231\13620\hotspot\src\share\vm\prims\jni.cpp, line 710]
Event: 0.733 Thread 0x00000000024ed800 Exception <a 'java/lang/NoSuchFieldError': method resolution failed> (0x00000000dafcc3e8) thrown at [C:\re\workspace\8-2-build-windows-amd64-cygwin\jdk8u231\13620\hotspot\src\share\vm\prims\methodHandles.cpp, line 1167]
Event: 0.762 Thread 0x00000000024ed800 Exception <a 'java/lang/NoSuchFieldError': method resolution failed> (0x00000000dafd9738) thrown at [C:\re\workspace\8-2-build-windows-amd64-cygwin\jdk8u231\13620\hotspot\src\share\vm\prims\methodHandles.cpp, line 1167]
Event: 1.057 Thread 0x00000000024ed800 Implicit null exception at 0x000000000297aae2 to 0x000000000297ac91
Event: 1.088 Thread 0x00000000024ed800 Exception <a 'java/io/FileNotFoundException'> (0x00000000db0c0578) thrown at [C:\re\workspace\8-2-build-windows-amd64-cygwin\jdk8u231\13620\hotspot\src\share\vm\prims\jni.cpp, line 710]
Event: 1.707 Thread 0x00000000186f4800 Exception <a 'java/io/FileNotFoundException'> (0x00000000db45ab90) thrown at [C:\re\workspace\8-2-build-windows-amd64-cygwin\jdk8u231\13620\hotspot\src\share\vm\prims\jni.cpp, line 710]
Event: 1.729 Thread 0x00000000186f4800 Exception <a 'java/io/FileNotFoundException'> (0x00000000db49c2e8) thrown at [C:\re\workspace\8-2-build-windows-amd64-cygwin\jdk8u231\13620\hotspot\src\share\vm\prims\jni.cpp, line 710]
Event: 1.744 Thread 0x00000000186f4800 Exception <a 'java/io/FileNotFoundException'> (0x00000000db4dd2f8) thrown at [C:\re\workspace\8-2-build-windows-amd64-cygwin\jdk8u231\13620\hotspot\src\share\vm\prims\jni.cpp, line 710]
Event: 1.765 Thread 0x00000000186f4800 Exception <a 'java/io/FileNotFoundException'> (0x00000000db520ae8) thrown at [C:\re\workspace\8-2-build-windows-amd64-cygwin\jdk8u231\13620\hotspot\src\share\vm\prims\jni.cpp, line 710]
Event: 16.149 Thread 0x00000000186f4800 Implicit null exception at 0x0000000002a9b674 to 0x0000000002a9b6f5

Events (10 events):
Event: 263.947 loading class com/sun/java/swing/plaf/windows/WindowsTextUI done
Event: 263.947 loading class com/sun/java/swing/plaf/windows/WindowsTextUI$WindowsHighlightPainter
Event: 263.947 loading class com/sun/java/swing/plaf/windows/WindowsTextUI$WindowsHighlightPainter done
Event: 263.948 loading class javax/swing/text/DefaultHighlighter$LayeredHighlightInfo
Event: 263.948 loading class javax/swing/text/DefaultHighlighter$HighlightInfo
Event: 263.948 loading class javax/swing/text/DefaultHighlighter$HighlightInfo done
Event: 263.948 loading class javax/swing/text/DefaultHighlighter$LayeredHighlightInfo done
Event: 263.949 Thread 0x00000000186f4800 Uncommon trap: trap_request=0xffffff65 fr.pc=0x000000000345e9b8
Event: 263.949 Thread 0x00000000186f4800 DEOPT PACKING pc=0x000000000345e9b8 sp=0x000000001906cc60
Event: 263.949 Thread 0x00000000186f4800 DEOPT UNPACKING pc=0x000000000283583b sp=0x000000001906cbd8 mode 2


Dynamic libraries:
0x00007ff7a49c0000 - 0x00007ff7a49f7000 	C:\Program Files\Java\jdk1.8.0_231\bin\java.exe
0x00007ffd3e600000 - 0x00007ffd3e7f0000 	C:\WINDOWS\SYSTEM32\ntdll.dll
0x00007ffd3e110000 - 0x00007ffd3e1c2000 	C:\WINDOWS\System32\KERNEL32.DLL
0x00007ffd3bf60000 - 0x00007ffd3c203000 	C:\WINDOWS\System32\KERNELBASE.dll
0x00007ffd3e200000 - 0x00007ffd3e2a3000 	C:\WINDOWS\System32\ADVAPI32.dll
0x00007ffd3c6b0000 - 0x00007ffd3c74e000 	C:\WINDOWS\System32\msvcrt.dll
0x00007ffd3e360000 - 0x00007ffd3e3f7000 	C:\WINDOWS\System32\sechost.dll
0x00007ffd3c840000 - 0x00007ffd3c960000 	C:\WINDOWS\System32\RPCRT4.dll
0x00007ffd3cf90000 - 0x00007ffd3d124000 	C:\WINDOWS\System32\USER32.dll
0x00007ffd3c680000 - 0x00007ffd3c6a1000 	C:\WINDOWS\System32\win32u.dll
0x00007ffd3e1d0000 - 0x00007ffd3e1f6000 	C:\WINDOWS\System32\GDI32.dll
0x00007ffd3c4e0000 - 0x00007ffd3c674000 	C:\WINDOWS\System32\gdi32full.dll
0x00007ffd3c270000 - 0x00007ffd3c30e000 	C:\WINDOWS\System32\msvcp_win.dll
0x00007ffd3bd10000 - 0x00007ffd3be0a000 	C:\WINDOWS\System32\ucrtbase.dll
0x00007ffd3a280000 - 0x00007ffd3a505000 	C:\WINDOWS\WinSxS\amd64_microsoft.windows.common-controls_6595b64144ccf1df_6.0.18362.719_none_e6c7b883130c6729\COMCTL32.dll
0x00007ffd3d460000 - 0x00007ffd3d796000 	C:\WINDOWS\System32\combase.dll
0x00007ffd3be10000 - 0x00007ffd3be90000 	C:\WINDOWS\System32\bcryptPrimitives.dll
0x00007ffd3d200000 - 0x00007ffd3d22e000 	C:\WINDOWS\System32\IMM32.DLL
0x0000000075b70000 - 0x0000000075c42000 	C:\Program Files\Java\jdk1.8.0_231\jre\bin\msvcr100.dll
0x0000000075c50000 - 0x00000000764f6000 	C:\Program Files\Java\jdk1.8.0_231\jre\bin\server\jvm.dll
0x00007ffd3d2b0000 - 0x00007ffd3d2b8000 	C:\WINDOWS\System32\PSAPI.DLL
0x00007ffd370f0000 - 0x00007ffd370f9000 	C:\WINDOWS\SYSTEM32\WSOCK32.dll
0x00007ffd3dea0000 - 0x00007ffd3df0f000 	C:\WINDOWS\System32\WS2_32.dll
0x00007ffd382b0000 - 0x00007ffd382d4000 	C:\WINDOWS\SYSTEM32\WINMM.dll
0x00007ffd38a90000 - 0x00007ffd38a9a000 	C:\WINDOWS\SYSTEM32\VERSION.dll
0x00007ffd38280000 - 0x00007ffd382ad000 	C:\WINDOWS\SYSTEM32\WINMMBASE.dll
0x00007ffd3c310000 - 0x00007ffd3c35a000 	C:\WINDOWS\System32\cfgmgr32.dll
0x00007ffd37060000 - 0x00007ffd3706f000 	C:\Program Files\Java\jdk1.8.0_231\jre\bin\verify.dll
0x00007ffd332f0000 - 0x00007ffd33319000 	C:\Program Files\Java\jdk1.8.0_231\jre\bin\java.dll
0x00007ffd31b40000 - 0x00007ffd31b56000 	C:\Program Files\Java\jdk1.8.0_231\jre\bin\zip.dll
0x00007ffd3d7b0000 - 0x00007ffd3de95000 	C:\WINDOWS\System32\SHELL32.dll
0x00007ffd3df90000 - 0x00007ffd3e039000 	C:\WINDOWS\System32\shcore.dll
0x00007ffd3b590000 - 0x00007ffd3bd10000 	C:\WINDOWS\System32\windows.storage.dll
0x00007ffd3b4f0000 - 0x00007ffd3b513000 	C:\WINDOWS\System32\profapi.dll
0x00007ffd3b540000 - 0x00007ffd3b58a000 	C:\WINDOWS\System32\powrprof.dll
0x00007ffd3b4c0000 - 0x00007ffd3b4d0000 	C:\WINDOWS\System32\UMPDC.dll
0x00007ffd3e400000 - 0x00007ffd3e452000 	C:\WINDOWS\System32\shlwapi.dll
0x00007ffd3b4d0000 - 0x00007ffd3b4e1000 	C:\WINDOWS\System32\kernel.appcore.dll
0x00007ffd3bf40000 - 0x00007ffd3bf57000 	C:\WINDOWS\System32\cryptsp.dll
0x00007ffd0d440000 - 0x00007ffd0d5da000 	C:\Program Files\Java\jdk1.8.0_231\jre\bin\awt.dll
0x00007ffd3d130000 - 0x00007ffd3d1f4000 	C:\WINDOWS\System32\OLEAUT32.dll
0x00007ffd38960000 - 0x00007ffd389ef000 	C:\WINDOWS\SYSTEM32\apphelp.dll
0x00007ffd38b20000 - 0x00007ffd38bb9000 	C:\WINDOWS\system32\uxtheme.dll
0x00007ffd3d320000 - 0x00007ffd3d456000 	C:\WINDOWS\System32\MSCTF.dll
0x00007ffd3e460000 - 0x00007ffd3e5b7000 	C:\WINDOWS\System32\ole32.dll
0x00007ffd38f40000 - 0x00007ffd38f6d000 	C:\WINDOWS\system32\DWMAPI.DLL
0x00007ffd1db60000 - 0x00007ffd1dcb6000 	C:\WINDOWS\system32\opengl32.dll
0x00007ffd335a0000 - 0x00007ffd335cc000 	C:\WINDOWS\SYSTEM32\GLU32.dll
0x00007ffd39aa0000 - 0x00007ffd39ac0000 	C:\WINDOWS\SYSTEM32\dxcore.dll
0x00007ffd0d270000 - 0x00007ffd0d437000 	C:\WINDOWS\system32\d3d9.dll
0x00007ffd2f120000 - 0x00007ffd2f284000 	C:\WINDOWS\SYSTEM32\aticfx64.dll
0x00007ffd335f0000 - 0x00007ffd33611000 	C:\WINDOWS\SYSTEM32\atiu9p64.dll
0x00007ffd02450000 - 0x00007ffd02ca9000 	C:\WINDOWS\SYSTEM32\atiumd64.dll
0x0000000076990000 - 0x0000000077218000 	C:\WINDOWS\SYSTEM32\atiumd6a.dll
0x00007ffd2c870000 - 0x00007ffd2c8b9000 	C:\Program Files\Java\jdk1.8.0_231\jre\bin\fontmanager.dll
0x00007ffd31aa0000 - 0x00007ffd31aba000 	C:\Program Files\Java\jdk1.8.0_231\jre\bin\net.dll
0x00007ffd3a900000 - 0x00007ffd3a967000 	C:\WINDOWS\system32\mswsock.dll
0x00007ffd31370000 - 0x00007ffd31382000 	C:\Program Files\Java\jdk1.8.0_231\jre\bin\nio.dll
0x00007ffd3e2b0000 - 0x00007ffd3e352000 	C:\WINDOWS\System32\clbcatq.dll
0x00007ffd34f60000 - 0x00007ffd3510f000 	C:\WINDOWS\SYSTEM32\WindowsCodecs.dll
0x00007ffd29640000 - 0x00007ffd2967a000 	C:\WINDOWS\system32\dataexchange.dll
0x00007ffd37870000 - 0x00007ffd37acb000 	C:\WINDOWS\system32\d3d11.dll
0x00007ffd380a0000 - 0x00007ffd3827b000 	C:\WINDOWS\system32\dcomp.dll
0x00007ffd39ac0000 - 0x00007ffd39bab000 	C:\WINDOWS\system32\dxgi.dll
0x00007ffd38be0000 - 0x00007ffd38e3a000 	C:\WINDOWS\system32\twinapi.appcore.dll
0x00007ffd39020000 - 0x00007ffd39049000 	C:\WINDOWS\system32\RMCLIENT.dll
0x00007ffd2bbc0000 - 0x00007ffd2bc02000 	C:\Program Files\Java\jdk1.8.0_231\jre\bin\t2k.dll
0x00007ffd31a00000 - 0x00007ffd31a9e000 	C:\WINDOWS\System32\TextInputFramework.dll
0x00007ffd382e0000 - 0x00007ffd383b4000 	C:\WINDOWS\System32\CoreMessaging.dll
0x00007ffd35910000 - 0x00007ffd35c3a000 	C:\WINDOWS\System32\CoreUIComponents.dll
0x00007ffd36320000 - 0x00007ffd36473000 	C:\WINDOWS\SYSTEM32\wintypes.dll
0x00007ffd3af40000 - 0x00007ffd3af71000 	C:\WINDOWS\SYSTEM32\ntmarta.dll
0x0000000180000000 - 0x0000000180025000 	C:\Program Files\Java\jdk1.8.0_231\jre\bin\rxtxSerial.dll
0x00007ffd25710000 - 0x00007ffd257b9000 	C:\WINDOWS\WinSxS\amd64_microsoft.windows.common-controls_6595b64144ccf1df_5.82.18362.719_none_2a23bc22466d6d00\comctl32.dll
0x00007ffd2e2a0000 - 0x00007ffd2e2ca000 	C:\Program Files\Java\jdk1.8.0_231\jre\bin\dcpr.dll
0x00007ffd2fde0000 - 0x00007ffd30086000 	C:\WINDOWS\System32\iertutil.dll
0x00007ffd3b060000 - 0x00007ffd3b254000 	C:\WINDOWS\SYSTEM32\dbghelp.dll

VM Arguments:
jvm_args: -Dfile.encoding=UTF-8 
java_command: laboratori1digitales3.MainFrame
java_class_path (initial): C:\Users\eldoc\Documents\NetBeansProjects\Laboratori1Digitales3\lib\jcommon-1.0.23.jar;C:\Users\eldoc\Documents\NetBeansProjects\Laboratori1Digitales3\lib\jfreechart-1.0.19.jar;C:\Users\eldoc\Documents\NetBeansProjects\Laboratori1Digitales3\lib\rxtxcomm-2.2.jar;C:\Users\eldoc\Documents\NetBeansProjects\Laboratori1Digitales3\build\classes
Launcher Type: SUN_STANDARD

Environment Variables:
PATH=C:\Program Files (x86)\Common Files\Oracle\Java\javapath;C:\WINDOWS\system32;C:\WINDOWS;C:\WINDOWS\System32\Wbem;C:\WINDOWS\System32\WindowsPowerShell\v1.0\;C:\WINDOWS\System32\OpenSSH\;C:\PROGRA~2\PICC;C:\Program Files\MATLAB\R2017a\runtime\win64;C:\Program Files\MATLAB\R2017a\bin;C:\Program Files (x86)\National Instruments\Shared\LabVIEW CLI;C:\Users\eldoc\AppData\Local\Microsoft\WindowsApps;
USERNAME=eldoc
OS=Windows_NT
PROCESSOR_IDENTIFIER=AMD64 Family 22 Model 48 Stepping 1, AuthenticAMD



---------------  S Y S T E M  ---------------

OS: Windows 10.0 , 64 bit Build 18362 (10.0.18362.329)

CPU:total 4 (initial active 4) (4 cores per cpu, 1 threads per core) family 22 model 48 stepping 1, cmov, cx8, fxsr, mmx, sse, sse2, sse3, ssse3, sse4.1, sse4.2, popcnt, avx, aes, clmul, mmxext, 3dnowpref, lzcnt, sse4a, tsc, tscinvbit, tscinv, bmi1

Memory: 4k page, physical 7305580k(2212716k free), swap 8485228k(2398044k free)

vm_info: Java HotSpot(TM) 64-Bit Server VM (25.231-b11) for windows-amd64 JRE (1.8.0_231-b11), built on Oct  5 2019 03:11:30 by "java_re" with MS VC++ 10.0 (VS2010)

time: Sun Mar 29 14:53:57 2020
timezone: Hora est. Pacífico, Sudamérica
elapsed time: 264 seconds (0d 0h 4m 24s)

